# stats: dump at 1574759368
stats: users 4 4
stats: {freemem,"tsung_controller@ip-172-31-17-3"} 1 3515.34765625 0 3515.34765625 3515.34765625 0 0
stats: {load,"tsung_controller@ip-172-31-17-3"} 1 0.05859375 0 0.05859375 0.05859375 0 0
stats: {cpu,"tsung_controller@ip-172-31-17-3"} 1 0.5001757109621399 0 0.5001757109621399 0.5001757109621399 0 0
stats: session 1 4992.844 0 4992.844 4992.844 0 0
stats: users_count 5 5
stats: finish_users_count 1 1
stats: request 6 25.659499999999998 29.838035691323025 90.935 6.295 0 0
stats: connect 3 4.072 4.104567537106274 9.876 1.09 0 0
stats: page 6 25.659499999999998 29.838035691323025 90.935 6.295 0 0
stats: 200 6 6
stats: size_rcv 11673 11673
stats: size_sent 2277 2277
stats: connected 2 2
# stats: dump at 1574759378
stats: users 34 34
stats: {freemem,"tsung_controller@ip-172-31-17-3"} 1 3515.73046875 0.0 3515.73046875 3515.34765625 3515.34765625 1
stats: {load,"tsung_controller@ip-172-31-17-3"} 1 0.05078125 0.0 0.05859375 0.05078125 0.05859375 1
stats: {recvpackets,"tsung_controller@ip-172-31-17-3"} 1 78 0 78 78 0 0
stats: {sentpackets,"tsung_controller@ip-172-31-17-3"} 1 69 0 69 69 0 0
stats: {cpu,"tsung_controller@ip-172-31-17-3"} 1 0.4 0.0 0.5001757109621399 0.4 0.5001757109621399 1
stats: session 9 4351.045999999999 2399.8397068151125 7810.94 714.891 4992.844 1
stats: users_count 39 44
stats: finish_users_count 9 10
stats: request 89 9.765348314606747 24.265990061507768 223.077 0.741 25.659499999999998 6
stats: connect 38 1.1116315789473687 0.10764987619535539 9.876 0.863 4.072 3
stats: page 86 10.110313953488372 24.649321721061817 223.077 1.878 25.659499999999998 6
stats: 302 1 1
stats: 200 51 57
stats: size_rcv 204535 216208
stats: newphase 1 1
stats: 422 2 2
stats: size_sent 38508 40785
stats: connected 30 32
stats: 400 1 1
stats: 404 23 23
stats: 500 11 11
# stats: dump at 1574759388
stats: users 98 98
stats: {freemem,"tsung_controller@ip-172-31-17-3"} 1 3511.75 0.0 3515.73046875 3511.75 3515.5390625 2
stats: {load,"tsung_controller@ip-172-31-17-3"} 1 0.0390625 0.0 0.05859375 0.0390625 0.0546875 2
stats: {recvpackets,"tsung_controller@ip-172-31-17-3"} 1 518.0 0.0 518 78 78.0 1
stats: {sentpackets,"tsung_controller@ip-172-31-17-3"} 1 551.0 0.0 551 69 69.0 1
stats: {cpu,"tsung_controller@ip-172-31-17-3"} 1 0.9027081243731194 0.0 0.9027081243731194 0.4 0.45008785548106994 2
stats: session 47 5197.817510638295 3269.988832439047 16597.903 714.891 4415.225799999999 10
stats: users_count 111 155
stats: finish_users_count 47 57
stats: request 451 13.926798226164086 47.06407638605445 449.379 0.504 10.769189473684216 95
stats: connect 141 1.0323971631205666 0.43015240379243025 9.876 0.811 1.3282439024390247 41
stats: page 352 17.893840909090894 52.720905819236705 449.379 1.811 11.124391304347826 92
stats: 302 33 34
stats: 200 172 229
stats: size_rcv 1186586 1402794
stats: newphase 1 2
stats: 422 66 68
stats: size_sent 222518 263303
stats: connected 62 94
stats: 400 33 34
stats: 404 99 122
stats: 500 48 59
# stats: dump at 1574759398
stats: users 46 107
stats: {freemem,"tsung_controller@ip-172-31-17-3"} 1 3496.45703125 0.0 3515.73046875 3496.45703125 3514.2760416666665 3
stats: {load,"tsung_controller@ip-172-31-17-3"} 1 0.03125 0.0 0.05859375 0.03125 0.049479166666666664 3
stats: {recvpackets,"tsung_controller@ip-172-31-17-3"} 1 2301.0 0.0 2301 78 298.0 2
stats: {sentpackets,"tsung_controller@ip-172-31-17-3"} 1 2367.0 0.0 2367 69 310.0 2
stats: {cpu,"tsung_controller@ip-172-31-17-3"} 1 5.13595166163142 0.0 5.13595166163142 0.4 0.6009612784450864 3
stats: session 86 7511.379511627909 4136.604773599878 21161.879 714.891 5060.520719298243 57
stats: users_count 34 189
stats: finish_users_count 86 143
stats: request 391 26.725708439897677 86.26697844504432 635.955 0.457 13.377397435897441 546
stats: connect 91 0.974846153846154 0.10482973354281525 9.876 0.8 1.0990439560439555 182
stats: page 241 43.4184232365145 106.66118183229717 635.955 1.771 16.49116216216215 444
stats: 302 50 84
stats: 200 91 320
stats: size_rcv 1438554 2841348
stats: newphase 0 2
stats: 422 100 168
stats: size_sent 211388 474691
stats: connected -45 49
stats: 400 50 84
stats: 404 65 187
stats: 500 35 94
# stats: dump at 1574759408
stats: users 18 107
stats: {freemem,"tsung_controller@ip-172-31-17-3"} 1 3496.91015625 0.0 3515.73046875 3496.45703125 3509.8212890625 4
stats: {load,"tsung_controller@ip-172-31-17-3"} 1 0.03125 0.0 0.05859375 0.03125 0.044921875 4
stats: {recvpackets,"tsung_controller@ip-172-31-17-3"} 1 1631.0 0.0 2301 78 965.6666666666666 3
stats: {sentpackets,"tsung_controller@ip-172-31-17-3"} 1 1362.0 0.0 2367 69 995.6666666666666 3
stats: {cpu,"tsung_controller@ip-172-31-17-3"} 1 2.7944111776447107 0.0 5.13595166163142 0.4 1.7347088742416699 4
stats: session 28 17750.339821428573 5490.205375151358 30111.926 714.891 6534.46376923077 143
stats: users_count 0 189
stats: finish_users_count 28 171
stats: request 52 83.76290384615388 140.2617836308867 635.955 0.457 18.9475037353255 937
stats: connect 9 1.0553333333333335 0.10273482585980483 9.876 0.8 1.0576446886446884 273
stats: page 25 174.33243999999996 158.69778413905595 635.955 1.771 25.964840875912394 685
stats: 302 9 93
stats: 200 15 335
stats: size_rcv 558322 3399670
stats: newphase 0 2
stats: 422 18 186
stats: size_sent 28138 502829
stats: connected -31 18
stats: 400 9 93
stats: 404 1 188
stats: 500 0 94
# stats: dump at 1574759418
stats: users 9 107
stats: {freemem,"tsung_controller@ip-172-31-17-3"} 1 3496.81640625 0.0 3515.73046875 3496.45703125 3507.2390625 5
stats: {load,"tsung_controller@ip-172-31-17-3"} 1 0.01953125 0.0 0.05859375 0.01953125 0.0421875 5
stats: {recvpackets,"tsung_controller@ip-172-31-17-3"} 1 304.0 0.0 2301 78 1132.0 4
stats: {sentpackets,"tsung_controller@ip-172-31-17-3"} 1 217.0 0.0 2367 69 1087.25 4
stats: {cpu,"tsung_controller@ip-172-31-17-3"} 1 0.1 0.0 5.13595166163142 0.1 1.946649334922278 5
stats: session 9 25609.187666666665 4797.487751968985 33187.973 714.891 8370.981485380116 171
stats: users_count 0 189
stats: finish_users_count 9 180
stats: request 9 120.17866666666669 104.37067230575624 635.955 0.457 22.355391304347823 989
stats: connect 1 1.103 0.0 9.876 0.8 1.0575709219858151 282
stats: page 6 180.31950000000003 74.26096915551712 635.955 1.771 31.18905211267604 710
stats: 302 1 94
stats: 200 5 340
stats: size_rcv 188497 3588167
stats: newphase 0 2
stats: 422 2 188
stats: size_sent 5080 507909
stats: connected -8 10
stats: 400 1 94
stats: 404 0 188
stats: 500 0 94
# stats: dump at 1574759428
stats: users 3 107
stats: {freemem,"tsung_controller@ip-172-31-17-3"} 1 3496.82421875 0.0 3515.73046875 3496.45703125 3505.501953125 6
stats: {load,"tsung_controller@ip-172-31-17-3"} 1 0.01953125 0.0 0.05859375 0.01953125 0.038411458333333336 6
stats: {recvpackets,"tsung_controller@ip-172-31-17-3"} 1 144.0 0.0 2301 78 966.4 5
stats: {sentpackets,"tsung_controller@ip-172-31-17-3"} 1 67.0 0.0 2367 67 913.2 5
stats: {cpu,"tsung_controller@ip-172-31-17-3"} 1 0.10010010010010009 0.0 5.13595166163142 0.1 1.638874445768565 6
stats: session 6 35126.13566666667 2321.5498638411545 39613.012 714.891 9232.891794444444 180
stats: users_count 0 189
stats: finish_users_count 6 186
stats: request 1 201.677 0.0 635.955 0.457 23.237565130260517 998
stats: connect 0 0 0 9.876 0.8 1.0577314487632505 283
stats: page 1 201.677 0.0 635.955 1.771 32.43874860335194 716
stats: 302 0 94
stats: 200 1 341
stats: size_rcv 36827 3624994
stats: newphase 0 2
stats: 422 0 188
stats: size_sent 582 508491
stats: connected -7 3
stats: 400 0 94
stats: 404 0 188
stats: 500 0 94
# stats: dump at 1574759438
stats: users 3 107
stats: {freemem,"tsung_controller@ip-172-31-17-3"} 1 3496.671875 0.0 3515.73046875 3496.45703125 3504.262276785714 7
stats: {load,"tsung_controller@ip-172-31-17-3"} 1 0.01953125 0.0 0.05859375 0.01953125 0.03571428571428571 7
stats: {recvpackets,"tsung_controller@ip-172-31-17-3"} 1 63.0 0.0 2301 63 829.3333333333334 6
stats: {sentpackets,"tsung_controller@ip-172-31-17-3"} 1 41.0 0.0 2367 41 772.1666666666666 6
stats: {cpu,"tsung_controller@ip-172-31-17-3"} 1 0.2 0.0 5.13595166163142 0.1 1.4190495392444986 7
stats: session 0 0 0 39613.012 714.891 10068.15772580645 186
stats: users_count 0 189
stats: finish_users_count 0 186
stats: request 2 210.1535 4.740499999999997 635.955 0.457 23.41618318318318 999
stats: connect 0 0 0 9.876 0.8 1.0577314487632505 283
stats: page 2 210.1535 4.740499999999997 635.955 1.771 32.674785216178506 717
stats: 302 0 94
stats: 200 2 343
stats: size_rcv 73654 3698648
stats: newphase 0 2
stats: 422 0 188
stats: size_sent 1144 509635
stats: connected 0 3
stats: 400 0 94
stats: 404 0 188
stats: 500 0 94
# stats: dump at 1574759445
stats: users 0 107
stats: {freemem,"tsung_controller@ip-172-31-17-3"} 1 3496.6796875 0.0 3515.73046875 3496.45703125 3503.3134765625 8
stats: {load,"tsung_controller@ip-172-31-17-3"} 1 0.01171875 0.0 0.05859375 0.01171875 0.03369140625 8
stats: {recvpackets,"tsung_controller@ip-172-31-17-3"} 1 28.0 0.0 2301 28 719.8571428571429 7
stats: {sentpackets,"tsung_controller@ip-172-31-17-3"} 1 5.0 0.0 2367 5 667.7142857142857 7
stats: {cpu,"tsung_controller@ip-172-31-17-3"} 1 0.0 0.0 5.13595166163142 0.0 1.2666683468389361 8
stats: session 3 64898.28033333333 3540.3865328190086 67724.973 714.891 10068.15772580645 186
stats: users_count 0 189
stats: finish_users_count 3 189
stats: request 0 0 0 635.955 0.457 23.789284715284712 1001
stats: connect 0 0 0 9.876 0.8 1.0577314487632505 283
stats: page 0 0 0 635.955 1.771 33.168467315716256 719
stats: 302 0 94
stats: 200 0 343
stats: size_rcv 0 3698648
stats: newphase 0 2
stats: 422 0 188
stats: size_sent 0 509635
stats: connected -3 0
stats: 400 0 94
stats: 404 0 188
stats: 500 0 94
EndMonitor:{1574,759445,905318}
