
=INFO REPORT==== 26-Nov-2019::08:58:54 ===
    ts_config_server:(5:<0.102.0>) Config server started, logdir is "/home/ec2-user/.tsung/log/20191126-0858"
 
=INFO REPORT==== 26-Nov-2019::08:58:54 ===
              ts_mon:(5:<0.83.0>) starting monitor, global 

=INFO REPORT==== 26-Nov-2019::08:58:54 ===
           ts_config:(5:<0.102.0>) Reading config file: new.xml

=INFO REPORT==== 26-Nov-2019::08:58:54 ===
      ts_config_http:(4:<0.102.0>) Get user agent: 100 "Mozilla/5.0 (Windows; U; Windows NT 5.2; fr-FR; rv:1.7.8) Gecko/20050511 Firefox/1.0.4" 

=INFO REPORT==== 26-Nov-2019::08:58:54 ===
           ts_config:(5:<0.102.0>) Session name for id 1 is "open-app-view-posts"

=INFO REPORT==== 26-Nov-2019::08:58:54 ===
           ts_config:(5:<0.102.0>) Session name for id 2 is "http-example"

=INFO REPORT==== 26-Nov-2019::08:58:54 ===
           ts_config:(5:<0.102.0>) Session name for id 3 is "sign-in"

=INFO REPORT==== 26-Nov-2019::08:58:54 ===
    ts_config_server:(4:<0.102.0>) SYSINFO:Tsung version: 1.7.0

=INFO REPORT==== 26-Nov-2019::08:58:54 ===
    ts_config_server:(4:<0.102.0>) SYSINFO:Erlang version: Erlang/OTP 20 [erts-9.1] [source] [64-bit] [smp:1:1] [ds:1:1:10] [async-threads:8] [hipe] [kernel-poll:true]


=INFO REPORT==== 26-Nov-2019::08:58:54 ===
    ts_config_server:(4:<0.102.0>) SYSINFO:System architecture x86_64-unknown-linux-gnu

=INFO REPORT==== 26-Nov-2019::08:58:54 ===
    ts_config_server:(4:<0.102.0>) SYSINFO:Current path: /usr/local/lib/tsung/tsung-1.7.0/ebin/tsung.beam

=INFO REPORT==== 26-Nov-2019::08:58:54 ===
              ts_mon:(5:<0.103.0>) Activate clients with text backend

=INFO REPORT==== 26-Nov-2019::08:58:54 ===
              ts_mon:(5:<0.103.0>) Starting tsung clients on hosts: [localhost]

=INFO REPORT==== 26-Nov-2019::08:58:54 ===
    ts_config_server:(5:<0.102.0>) Start a launcher on the controller beam localhost

=INFO REPORT==== 26-Nov-2019::08:58:54 ===
  ts_launcher_static:(5:<0.154.0>) Launch msg receive ("localhost")

=INFO REPORT==== 26-Nov-2019::08:58:54 ===
         ts_launcher:(5:<0.155.0>) Launch msg receive ("localhost")

=INFO REPORT==== 26-Nov-2019::08:58:54 ===
    ts_config_server:(5:<0.102.0>) New arrival phase 1 for client "localhost" (last ? true): will start 10 users

=INFO REPORT==== 26-Nov-2019::08:58:54 ===
    ts_config_server:(5:<0.102.0>) New arrival phase 2 for client "localhost" (last ? true): will start 40 users

=INFO REPORT==== 26-Nov-2019::08:58:54 ===
    ts_config_server:(5:<0.102.0>) New arrival phase 3 for client "localhost" (last ? true): will start 160 users

=INFO REPORT==== 26-Nov-2019::08:58:54 ===
         ts_launcher:(5:<0.155.0>) Expected duration of first phase: 10.0 sec (10 users) 

=INFO REPORT==== 26-Nov-2019::08:58:54 ===
         ts_launcher:(5:<0.155.0>) Activate launcher (10 users) in 1194 msec 

=INFO REPORT==== 26-Nov-2019::08:59:00 ===
           ts_search:(5:<0.164.0>) Dyn Var (RE): no Match (varname=new_post_url), 

=INFO REPORT==== 26-Nov-2019::08:59:04 ===
         ts_launcher:(4:<0.155.0>) Need to wait 0.573 sec before changing phase, going to sleep

=INFO REPORT==== 26-Nov-2019::08:59:05 ===
         ts_launcher:(5:<0.155.0>) Waking up

=INFO REPORT==== 26-Nov-2019::08:59:05 ===
         ts_launcher:(5:<0.155.0>) Start a new arrival phase (40 users, 0.004); expected duration=10.0 sec

=INFO REPORT==== 26-Nov-2019::08:59:06 ===
           ts_search:(5:<0.162.0>) Dyn Var (RE): no Match (varname=new_post_url), 

=INFO REPORT==== 26-Nov-2019::08:59:07 ===
           ts_search:(5:<0.165.0>) Dyn Var (RE): no Match (varname=new_post_url), 

=INFO REPORT==== 26-Nov-2019::08:59:07 ===
           ts_search:(5:<0.169.0>) Dyn Var (RE): no Match (varname=new_post_url), 

=INFO REPORT==== 26-Nov-2019::08:59:08 ===
           ts_search:(5:<0.166.0>) Dyn Var (RE): no Match (varname=new_post_url), 

=INFO REPORT==== 26-Nov-2019::08:59:11 ===
           ts_search:(5:<0.177.0>) Dyn Var (RE): no Match (varname=new_post_url), 

=INFO REPORT==== 26-Nov-2019::08:59:11 ===
           ts_search:(5:<0.192.0>) Dyn Var (RE): no Match (varname=new_post_url), 

=INFO REPORT==== 26-Nov-2019::08:59:12 ===
           ts_search:(5:<0.181.0>) Dyn Var (RE): no Match (varname=new_post_url), 

=INFO REPORT==== 26-Nov-2019::08:59:12 ===
           ts_search:(5:<0.172.0>) Dyn Var (RE): no Match (varname=new_post_url), 

=INFO REPORT==== 26-Nov-2019::08:59:13 ===
         ts_launcher:(4:<0.155.0>) Need to wait 2.43 sec before changing phase, going to sleep

=INFO REPORT==== 26-Nov-2019::08:59:13 ===
           ts_search:(5:<0.189.0>) Dyn Var (RE): no Match (varname=new_post_url), 

=INFO REPORT==== 26-Nov-2019::08:59:13 ===
           ts_search:(5:<0.173.0>) Dyn Var (RE): no Match (varname=new_post_url), 

=INFO REPORT==== 26-Nov-2019::08:59:13 ===
           ts_search:(5:<0.187.0>) Dyn Var (RE): no Match (varname=new_post_url), 

=INFO REPORT==== 26-Nov-2019::08:59:13 ===
           ts_search:(5:<0.168.0>) Dyn Var (RE): no Match (varname=new_post_url), 

=INFO REPORT==== 26-Nov-2019::08:59:13 ===
           ts_search:(5:<0.207.0>) Dyn Var (RE): no Match (varname=new_post_url), 

=INFO REPORT==== 26-Nov-2019::08:59:14 ===
           ts_search:(5:<0.194.0>) Dyn Var (RE): no Match (varname=new_post_url), 

=INFO REPORT==== 26-Nov-2019::08:59:14 ===
           ts_search:(5:<0.209.0>) Dyn Var (RE): no Match (varname=new_post_url), 

=INFO REPORT==== 26-Nov-2019::08:59:15 ===
           ts_search:(5:<0.205.0>) Dyn Var (RE): no Match (varname=new_post_url), 

=INFO REPORT==== 26-Nov-2019::08:59:15 ===
         ts_launcher:(5:<0.155.0>) Waking up

=INFO REPORT==== 26-Nov-2019::08:59:15 ===
         ts_launcher:(5:<0.155.0>) Start a new arrival phase (160 users, 0.016); expected duration=10.0 sec

=INFO REPORT==== 26-Nov-2019::08:59:15 ===
           ts_search:(5:<0.195.0>) Dyn Var (RE): no Match (varname=new_post_url), 

=INFO REPORT==== 26-Nov-2019::08:59:16 ===
           ts_search:(5:<0.184.0>) Dyn Var (RE): no Match (varname=new_post_url), 

=INFO REPORT==== 26-Nov-2019::08:59:16 ===
           ts_search:(5:<0.196.0>) Dyn Var (RE): no Match (varname=new_post_url), 

=INFO REPORT==== 26-Nov-2019::08:59:17 ===
           ts_search:(5:<0.204.0>) Dyn Var (RE): no Match (varname=new_post_url), 

=INFO REPORT==== 26-Nov-2019::08:59:18 ===
           ts_search:(5:<0.215.0>) Dyn Var (RE): no Match (varname=new_post_url), 

=INFO REPORT==== 26-Nov-2019::08:59:18 ===
           ts_search:(5:<0.170.0>) Dyn Var (RE): no Match (varname=new_post_url), 

=INFO REPORT==== 26-Nov-2019::08:59:18 ===
           ts_search:(5:<0.214.0>) Dyn Var (RE): no Match (varname=new_post_url), 

=INFO REPORT==== 26-Nov-2019::08:59:18 ===
           ts_search:(5:<0.217.0>) Dyn Var (RE): no Match (varname=new_post_url), 

=INFO REPORT==== 26-Nov-2019::08:59:18 ===
           ts_search:(5:<0.232.0>) Dyn Var (RE): no Match (varname=new_post_url), 

=INFO REPORT==== 26-Nov-2019::08:59:19 ===
           ts_search:(5:<0.216.0>) Dyn Var (RE): no Match (varname=new_post_url), 

=INFO REPORT==== 26-Nov-2019::08:59:19 ===
           ts_search:(5:<0.242.0>) Dyn Var (RE): no Match (varname=new_post_url), 

=INFO REPORT==== 26-Nov-2019::08:59:19 ===
           ts_search:(5:<0.234.0>) Dyn Var (RE): no Match (varname=new_post_url), 

=INFO REPORT==== 26-Nov-2019::08:59:19 ===
           ts_search:(5:<0.251.0>) Dyn Var (RE): no Match (varname=new_post_url), 

=INFO REPORT==== 26-Nov-2019::08:59:19 ===
           ts_search:(5:<0.198.0>) Dyn Var (RE): no Match (varname=new_post_url), 

=INFO REPORT==== 26-Nov-2019::08:59:20 ===
           ts_search:(5:<0.239.0>) Dyn Var (RE): no Match (varname=new_post_url), 

=INFO REPORT==== 26-Nov-2019::08:59:20 ===
           ts_search:(5:<0.218.0>) Dyn Var (RE): no Match (varname=new_post_url), 

=INFO REPORT==== 26-Nov-2019::08:59:20 ===
           ts_search:(5:<0.264.0>) Dyn Var (RE): no Match (varname=new_post_url), 

=INFO REPORT==== 26-Nov-2019::08:59:20 ===
           ts_search:(5:<0.275.0>) Dyn Var (RE): no Match (varname=new_post_url), 

=INFO REPORT==== 26-Nov-2019::08:59:20 ===
           ts_search:(5:<0.267.0>) Dyn Var (RE): no Match (varname=new_post_url), 

=INFO REPORT==== 26-Nov-2019::08:59:20 ===
           ts_search:(5:<0.220.0>) Dyn Var (RE): no Match (varname=new_post_url), 

=INFO REPORT==== 26-Nov-2019::08:59:20 ===
           ts_search:(5:<0.255.0>) Dyn Var (RE): no Match (varname=new_post_url), 

=INFO REPORT==== 26-Nov-2019::08:59:20 ===
           ts_search:(5:<0.246.0>) Dyn Var (RE): no Match (varname=new_post_url), 

=INFO REPORT==== 26-Nov-2019::08:59:21 ===
           ts_search:(5:<0.286.0>) Dyn Var (RE): no Match (varname=new_post_url), 

=INFO REPORT==== 26-Nov-2019::08:59:21 ===
           ts_search:(5:<0.296.0>) Dyn Var (RE): no Match (varname=new_post_url), 

=INFO REPORT==== 26-Nov-2019::08:59:21 ===
           ts_search:(5:<0.240.0>) Dyn Var (RE): no Match (varname=new_post_url), 

=INFO REPORT==== 26-Nov-2019::08:59:21 ===
           ts_search:(5:<0.269.0>) Dyn Var (RE): no Match (varname=new_post_url), 

=INFO REPORT==== 26-Nov-2019::08:59:21 ===
           ts_search:(5:<0.266.0>) Dyn Var (RE): no Match (varname=new_post_url), 

=INFO REPORT==== 26-Nov-2019::08:59:21 ===
           ts_search:(5:<0.260.0>) Dyn Var (RE): no Match (varname=new_post_url), 

=INFO REPORT==== 26-Nov-2019::08:59:21 ===
           ts_search:(5:<0.276.0>) Dyn Var (RE): no Match (varname=new_post_url), 

=INFO REPORT==== 26-Nov-2019::08:59:22 ===
           ts_search:(5:<0.248.0>) Dyn Var (RE): no Match (varname=new_post_url), 

=INFO REPORT==== 26-Nov-2019::08:59:22 ===
           ts_search:(5:<0.274.0>) Dyn Var (RE): no Match (varname=new_post_url), 

=INFO REPORT==== 26-Nov-2019::08:59:22 ===
           ts_search:(5:<0.243.0>) Dyn Var (RE): no Match (varname=new_post_url), 

=INFO REPORT==== 26-Nov-2019::08:59:22 ===
           ts_search:(5:<0.238.0>) Dyn Var (RE): no Match (varname=new_post_url), 

=INFO REPORT==== 26-Nov-2019::08:59:22 ===
           ts_search:(5:<0.273.0>) Dyn Var (RE): no Match (varname=new_post_url), 

=INFO REPORT==== 26-Nov-2019::08:59:23 ===
           ts_search:(5:<0.308.0>) Dyn Var (RE): no Match (varname=new_post_url), 

=INFO REPORT==== 26-Nov-2019::08:59:23 ===
           ts_search:(5:<0.203.0>) Dyn Var (RE): no Match (varname=new_post_url), 

=INFO REPORT==== 26-Nov-2019::08:59:23 ===
           ts_search:(5:<0.322.0>) Dyn Var (RE): no Match (varname=new_post_url), 

=INFO REPORT==== 26-Nov-2019::08:59:23 ===
           ts_search:(5:<0.235.0>) Dyn Var (RE): no Match (varname=new_post_url), 

=INFO REPORT==== 26-Nov-2019::08:59:23 ===
           ts_search:(5:<0.280.0>) Dyn Var (RE): no Match (varname=new_post_url), 

=INFO REPORT==== 26-Nov-2019::08:59:23 ===
           ts_search:(5:<0.304.0>) Dyn Var (RE): no Match (varname=new_post_url), 

=INFO REPORT==== 26-Nov-2019::08:59:23 ===
           ts_search:(5:<0.314.0>) Dyn Var (RE): no Match (varname=new_post_url), 

=INFO REPORT==== 26-Nov-2019::08:59:23 ===
           ts_search:(5:<0.307.0>) Dyn Var (RE): no Match (varname=new_post_url), 

=INFO REPORT==== 26-Nov-2019::08:59:23 ===
           ts_search:(5:<0.289.0>) Dyn Var (RE): no Match (varname=new_post_url), 

=INFO REPORT==== 26-Nov-2019::08:59:24 ===
           ts_search:(5:<0.303.0>) Dyn Var (RE): no Match (varname=new_post_url), 

=INFO REPORT==== 26-Nov-2019::08:59:24 ===
           ts_search:(5:<0.233.0>) Dyn Var (RE): no Match (varname=new_post_url), 

=INFO REPORT==== 26-Nov-2019::08:59:24 ===
           ts_search:(5:<0.327.0>) Dyn Var (RE): no Match (varname=new_post_url), 

=INFO REPORT==== 26-Nov-2019::08:59:24 ===
           ts_search:(5:<0.340.0>) Dyn Var (RE): no Match (varname=new_post_url), 

=INFO REPORT==== 26-Nov-2019::08:59:24 ===
           ts_search:(5:<0.348.0>) Dyn Var (RE): no Match (varname=new_post_url), 

=INFO REPORT==== 26-Nov-2019::08:59:24 ===
           ts_search:(5:<0.325.0>) Dyn Var (RE): no Match (varname=new_post_url), 

=INFO REPORT==== 26-Nov-2019::08:59:24 ===
           ts_search:(5:<0.250.0>) Dyn Var (RE): no Match (varname=new_post_url), 

=INFO REPORT==== 26-Nov-2019::08:59:25 ===
           ts_search:(5:<0.345.0>) Dyn Var (RE): no Match (varname=new_post_url), 

=INFO REPORT==== 26-Nov-2019::08:59:25 ===
         ts_launcher:(5:<0.155.0>) This was the last phase, wait for connected users to finish their session

=INFO REPORT==== 26-Nov-2019::08:59:25 ===
           ts_search:(5:<0.361.0>) Dyn Var (RE): no Match (varname=new_post_url), 

=INFO REPORT==== 26-Nov-2019::08:59:25 ===
           ts_search:(5:<0.277.0>) Dyn Var (RE): no Match (varname=new_post_url), 

=INFO REPORT==== 26-Nov-2019::08:59:26 ===
           ts_search:(5:<0.252.0>) Dyn Var (RE): no Match (varname=new_post_url), 

=INFO REPORT==== 26-Nov-2019::08:59:26 ===
           ts_search:(5:<0.292.0>) Dyn Var (RE): no Match (varname=new_post_url), 

=INFO REPORT==== 26-Nov-2019::08:59:26 ===
           ts_search:(5:<0.363.0>) Dyn Var (RE): no Match (varname=new_post_url), 

=INFO REPORT==== 26-Nov-2019::08:59:26 ===
           ts_search:(5:<0.313.0>) Dyn Var (RE): no Match (varname=new_post_url), 

=INFO REPORT==== 26-Nov-2019::08:59:26 ===
           ts_search:(5:<0.284.0>) Dyn Var (RE): no Match (varname=new_post_url), 

=INFO REPORT==== 26-Nov-2019::08:59:26 ===
           ts_search:(5:<0.226.0>) Dyn Var (RE): no Match (varname=new_post_url), 

=INFO REPORT==== 26-Nov-2019::08:59:26 ===
           ts_search:(5:<0.285.0>) Dyn Var (RE): no Match (varname=new_post_url), 

=INFO REPORT==== 26-Nov-2019::08:59:26 ===
           ts_search:(5:<0.333.0>) Dyn Var (RE): no Match (varname=new_post_url), 

=INFO REPORT==== 26-Nov-2019::08:59:26 ===
           ts_search:(5:<0.291.0>) Dyn Var (RE): no Match (varname=new_post_url), 

=INFO REPORT==== 26-Nov-2019::08:59:27 ===
           ts_search:(5:<0.353.0>) Dyn Var (RE): no Match (varname=new_post_url), 

=INFO REPORT==== 26-Nov-2019::08:59:27 ===
           ts_search:(5:<0.339.0>) Dyn Var (RE): no Match (varname=new_post_url), 

=INFO REPORT==== 26-Nov-2019::08:59:27 ===
           ts_search:(5:<0.342.0>) Dyn Var (RE): no Match (varname=new_post_url), 

=INFO REPORT==== 26-Nov-2019::08:59:27 ===
           ts_search:(5:<0.310.0>) Dyn Var (RE): no Match (varname=new_post_url), 

=INFO REPORT==== 26-Nov-2019::08:59:27 ===
           ts_search:(5:<0.319.0>) Dyn Var (RE): no Match (varname=new_post_url), 

=INFO REPORT==== 26-Nov-2019::08:59:27 ===
           ts_search:(5:<0.349.0>) Dyn Var (RE): no Match (varname=new_post_url), 

=INFO REPORT==== 26-Nov-2019::08:59:27 ===
           ts_search:(5:<0.366.0>) Dyn Var (RE): no Match (varname=new_post_url), 

=INFO REPORT==== 26-Nov-2019::08:59:27 ===
           ts_search:(5:<0.320.0>) Dyn Var (RE): no Match (varname=new_post_url), 

=INFO REPORT==== 26-Nov-2019::08:59:27 ===
           ts_search:(5:<0.338.0>) Dyn Var (RE): no Match (varname=new_post_url), 

=INFO REPORT==== 26-Nov-2019::08:59:28 ===
           ts_search:(5:<0.329.0>) Dyn Var (RE): no Match (varname=new_post_url), 

=INFO REPORT==== 26-Nov-2019::08:59:29 ===
           ts_search:(5:<0.326.0>) Dyn Var (RE): no Match (varname=new_post_url), 

=INFO REPORT==== 26-Nov-2019::08:59:29 ===
           ts_search:(5:<0.362.0>) Dyn Var (RE): no Match (varname=new_post_url), 

=INFO REPORT==== 26-Nov-2019::08:59:29 ===
           ts_search:(5:<0.300.0>) Dyn Var (RE): no Match (varname=new_post_url), 

=INFO REPORT==== 26-Nov-2019::08:59:29 ===
           ts_search:(5:<0.355.0>) Dyn Var (RE): no Match (varname=new_post_url), 

=INFO REPORT==== 26-Nov-2019::08:59:29 ===
           ts_search:(5:<0.316.0>) Dyn Var (RE): no Match (varname=new_post_url), 

=INFO REPORT==== 26-Nov-2019::08:59:29 ===
           ts_search:(5:<0.328.0>) Dyn Var (RE): no Match (varname=new_post_url), 

=INFO REPORT==== 26-Nov-2019::08:59:29 ===
           ts_search:(5:<0.302.0>) Dyn Var (RE): no Match (varname=new_post_url), 

=INFO REPORT==== 26-Nov-2019::08:59:30 ===
           ts_search:(5:<0.369.0>) Dyn Var (RE): no Match (varname=new_post_url), 

=INFO REPORT==== 26-Nov-2019::08:59:32 ===
           ts_search:(5:<0.279.0>) Dyn Var (RE): no Match (varname=new_post_url), 

=INFO REPORT==== 26-Nov-2019::08:59:33 ===
           ts_search:(5:<0.344.0>) Dyn Var (RE): no Match (varname=new_post_url), 

=INFO REPORT==== 26-Nov-2019::08:59:33 ===
           ts_search:(5:<0.311.0>) Dyn Var (RE): no Match (varname=new_post_url), 

=INFO REPORT==== 26-Nov-2019::08:59:35 ===
           ts_search:(5:<0.321.0>) Dyn Var (RE): no Match (varname=new_post_url), 

=INFO REPORT==== 26-Nov-2019::09:00:35 ===
     ts_launcher_mgr:(5:<0.149.0>) No more active users 'tsung_controller@ip-172-31-17-3' "7868"

=INFO REPORT==== 26-Nov-2019::09:00:35 ===
              ts_mon:(5:<0.103.0>) stopping monitor (normal)
