# stats: dump at 1574758744
stats: users 7 7
stats: {freemem,"tsung_controller@ip-172-31-17-3"} 1 3516.375 0 3516.375 3516.375 0 0
stats: {load,"tsung_controller@ip-172-31-17-3"} 1 0.0 0 0.0 0.0 0 0
stats: {cpu,"tsung_controller@ip-172-31-17-3"} 1 0.48329882768715465 0 0.48329882768715465 0.48329882768715465 0 0
stats: session 1 2343.435 0 2343.435 2343.435 0 0
stats: users_count 8 8
stats: finish_users_count 1 1
stats: request 24 42.53437500000002 60.51311424725257 184.517 0.503 0 0
stats: connect 9 1.7944444444444447 2.3073962772456134 8.313 0.782 0 0
stats: page 21 48.62676190476191 63.024210780955904 184.517 1.807 0 0
stats: 302 1 1
stats: 200 13 13
stats: size_rcv 109167 109167
stats: 422 2 2
stats: size_sent 11246 11246
stats: connected 7 7
stats: 400 1 1
stats: 404 5 5
stats: 500 2 2
# stats: dump at 1574758754
stats: users 37 41
stats: {freemem,"tsung_controller@ip-172-31-17-3"} 1 3516.10546875 0.0 3516.375 3516.10546875 3516.375 1
stats: {load,"tsung_controller@ip-172-31-17-3"} 1 0.0 0.0 0.0 0.0 0.0 1
stats: {recvpackets,"tsung_controller@ip-172-31-17-3"} 1 170 0 170 170 0 0
stats: {sentpackets,"tsung_controller@ip-172-31-17-3"} 1 148 0 148 148 0 0
stats: {cpu,"tsung_controller@ip-172-31-17-3"} 1 0.5 0.0 0.5 0.48329882768715465 0.48329882768715465 1
stats: session 12 5614.37875 3709.2242590226356 11901.529 802.957 2343.435 1
stats: users_count 42 50
stats: finish_users_count 12 13
stats: request 132 10.641871212121215 29.467037336402328 184.517 0.4 42.53437500000002 24
stats: connect 46 0.9518913043478259 0.13148982904307446 8.313 0.725 1.7944444444444447 9
stats: page 120 11.716141666666667 30.735693810371846 184.517 1.393 48.62676190476191 21
stats: 302 4 5
stats: 200 65 78
stats: size_rcv 372016 481183
stats: 422 8 10
stats: newphase 1 1
stats: size_sent 63073 74319
stats: connected 33 40
stats: 400 4 5
stats: 404 33 38
stats: 500 18 20
# stats: dump at 1574758764
stats: users 116 116
stats: {freemem,"tsung_controller@ip-172-31-17-3"} 1 3509.00390625 0.0 3516.375 3509.00390625 3516.240234375 2
stats: {load,"tsung_controller@ip-172-31-17-3"} 1 0.0 0.0 0.0 0.0 0.0 2
stats: {recvpackets,"tsung_controller@ip-172-31-17-3"} 1 685.0 0.0 685 170 170.0 1
stats: {sentpackets,"tsung_controller@ip-172-31-17-3"} 1 683.0 0.0 683 148 148.0 1
stats: {cpu,"tsung_controller@ip-172-31-17-3"} 1 1.3039117352056169 0.0 1.3039117352056169 0.48329882768715465 0.4916494138435773 2
stats: session 60 6649.0236833333365 4937.815231303165 25137.848 802.957 5362.767692307692 13
stats: users_count 139 189
stats: finish_users_count 60 73
stats: request 507 7.868702169625241 24.715230220895165 186.252 0.39 15.54841025641026 156
stats: connect 168 0.8431785714285712 0.15398779796389292 8.313 0.642 1.0897636363636363 55
stats: page 402 9.948606965174129 27.497733028492004 186.252 1.369 17.213468085106385 141
stats: 302 35 40
stats: 200 201 279
stats: size_rcv 1254405 1735588
stats: 422 70 80
stats: newphase 1 2
stats: size_sent 252902 327221
stats: connected 76 116
stats: 400 35 40
stats: 404 111 149
stats: 500 55 75
# stats: dump at 1574758774
stats: users 53 128
stats: {freemem,"tsung_controller@ip-172-31-17-3"} 1 3491.05859375 0.0 3516.375 3491.05859375 3513.828125 3
stats: {load,"tsung_controller@ip-172-31-17-3"} 1 0.16015625 0.0 0.16015625 0.0 0.0 3
stats: {recvpackets,"tsung_controller@ip-172-31-17-3"} 1 2559.0 0.0 2559 170 427.5 2
stats: {sentpackets,"tsung_controller@ip-172-31-17-3"} 1 2555.0 0.0 2555 148 415.5 2
stats: {cpu,"tsung_controller@ip-172-31-17-3"} 1 4.42211055276382 0.0 4.42211055276382 0.48329882768715465 0.7624035209642571 3
stats: session 84 7896.994809523809 3995.600690829222 25137.848 651.446 6419.964397260276 73
stats: users_count 21 210
stats: finish_users_count 84 157
stats: request 374 17.600328877005353 47.051828961722386 223.248 0.389 9.675692307692303 663
stats: connect 79 0.8041139240506332 0.07532293132463712 8.313 0.642 0.9039955156950671 223
stats: page 218 30.26065596330275 58.634099763915174 223.248 1.369 11.83506261510129 543
stats: 302 52 92
stats: 200 88 367
stats: size_rcv 1556309 3291897
stats: 422 104 184
stats: newphase 0 2
stats: size_sent 205694 532915
stats: connected -63 53
stats: 400 52 92
stats: 404 52 201
stats: 500 26 101
# stats: dump at 1574758784
stats: users 24 128
stats: {freemem,"tsung_controller@ip-172-31-17-3"} 1 3488.8828125 0.0 3516.375 3488.8828125 3508.1357421875 4
stats: {load,"tsung_controller@ip-172-31-17-3"} 1 0.12890625 0.0 0.16015625 0.0 0.0400390625 4
stats: {recvpackets,"tsung_controller@ip-172-31-17-3"} 1 1505.0 0.0 2559 170 1138.0 3
stats: {sentpackets,"tsung_controller@ip-172-31-17-3"} 1 1164.0 0.0 2555 148 1128.6666666666667 3
stats: {cpu,"tsung_controller@ip-172-31-17-3"} 1 1.7034068136272544 0.0 4.42211055276382 0.48329882768715465 1.6773302789141478 4
stats: session 29 17713.652344827595 4739.89801097158 31438.014 651.446 7210.22270700637 157
stats: users_count 0 210
stats: finish_users_count 29 186
stats: request 52 55.22782692307693 84.01544329849794 243.39 0.389 12.53375795564127 1037
stats: connect 9 0.9711111111111109 0.10480823170008527 8.313 0.642 0.8778675496688741 302
stats: page 25 114.97972000000001 88.5901309959614 243.39 1.369 17.113353482260184 761
stats: 302 9 101
stats: 200 15 382
stats: size_rcv 576835 3868732
stats: 422 18 202
stats: newphase 0 2
stats: size_sent 30366 563281
stats: connected -29 24
stats: 400 9 101
stats: 404 1 202
stats: 500 0 101
# stats: dump at 1574758794
stats: users 8 128
stats: {freemem,"tsung_controller@ip-172-31-17-3"} 1 3492.40234375 0.0 3516.375 3488.8828125 3504.28515625 5
stats: {load,"tsung_controller@ip-172-31-17-3"} 1 0.109375 0.0 0.16015625 0.0 0.0578125 5
stats: {recvpackets,"tsung_controller@ip-172-31-17-3"} 1 573.0 0.0 2559 170 1229.75 4
stats: {sentpackets,"tsung_controller@ip-172-31-17-3"} 1 469.0 0.0 2555 148 1137.5 4
stats: {cpu,"tsung_controller@ip-172-31-17-3"} 1 2.1042084168336674 0.0 4.42211055276382 0.48329882768715465 1.682545585856769 5
stats: session 16 29507.251562500005 5496.484057487805 41145.025 651.446 8847.854209677422 186
stats: users_count 0 210
stats: finish_users_count 16 202
stats: request 6 161.689 15.80021125386198 243.39 0.389 14.572409550045913 1089
stats: connect 0 0 0 8.313 0.642 0.8805659163987138 311
stats: page 6 161.689 15.80021125386198 243.39 1.369 20.226151399491094 786
stats: 302 0 101
stats: 200 6 388
stats: size_rcv 214212 4082944
stats: 422 0 202
stats: newphase 0 2
stats: size_sent 2927 566208
stats: connected -14 10
stats: 400 0 101
stats: 404 0 202
stats: 500 0 101
# stats: dump at 1574758804
stats: users 3 128
stats: {freemem,"tsung_controller@ip-172-31-17-3"} 1 3495.20703125 0.0 3516.375 3488.8828125 3502.3046875 6
stats: {load,"tsung_controller@ip-172-31-17-3"} 1 0.1015625 0.0 0.16015625 0.0 0.06640625 6
stats: {recvpackets,"tsung_controller@ip-172-31-17-3"} 1 122.0 0.0 2559 122 1098.4 5
stats: {sentpackets,"tsung_controller@ip-172-31-17-3"} 1 72.0 0.0 2555 72 1003.8 5
stats: {cpu,"tsung_controller@ip-172-31-17-3"} 1 0.10010010010010009 0.0 4.42211055276382 0.10010010010010009 1.7528227243529189 6
stats: session 5 36991.210600000006 2869.3046791855086 42077.992 651.446 10484.242118811882 202
stats: users_count 0 210
stats: finish_users_count 5 207
stats: request 1 148.081 0.0 243.39 0.389 15.378527853881277 1095
stats: connect 0 0 0 8.313 0.642 0.8805659163987138 311
stats: page 1 148.081 0.0 243.39 1.369 21.297839646464645 792
stats: 302 0 101
stats: 200 1 389
stats: size_rcv 35702 4118646
stats: 422 0 202
stats: newphase 0 2
stats: size_sent 599 566807
stats: connected -7 3
stats: 400 0 101
stats: 404 0 202
stats: 500 0 101
# stats: dump at 1574758814
stats: users 2 128
stats: {freemem,"tsung_controller@ip-172-31-17-3"} 1 3501.19140625 0.0 3516.375 3488.8828125 3501.2907366071427 7
stats: {load,"tsung_controller@ip-172-31-17-3"} 1 0.078125 0.0 0.16015625 0.0 0.07142857142857142 7
stats: {recvpackets,"tsung_controller@ip-172-31-17-3"} 1 6.0 0.0 2559 6 935.6666666666666 6
stats: {sentpackets,"tsung_controller@ip-172-31-17-3"} 1 11.0 0.0 2555 11 848.5 6
stats: {cpu,"tsung_controller@ip-172-31-17-3"} 1 0.1 0.0 4.42211055276382 0.1 1.516719492316802 7
stats: session 1 49722.873 0.0 49722.873 651.446 11124.507057971015 207
stats: users_count 0 210
stats: finish_users_count 1 208
stats: request 0 0 0 243.39 0.389 15.499606751824814 1096
stats: connect 0 0 0 8.313 0.642 0.8805659163987138 311
stats: page 0 0 0 243.39 1.369 21.457717528373262 793
stats: 302 0 101
stats: 200 0 389
stats: size_rcv 0 4118646
stats: 422 0 202
stats: newphase 0 2
stats: size_sent 0 566807
stats: connected 0 3
stats: 400 0 101
stats: 404 0 202
stats: 500 0 101
# stats: dump at 1574758824
stats: users 1 128
stats: {freemem,"tsung_controller@ip-172-31-17-3"} 1 3501.046875 0.0 3516.375 3488.8828125 3501.2783203125 8
stats: {load,"tsung_controller@ip-172-31-17-3"} 1 0.0703125 0.0 0.16015625 0.0 0.072265625 8
stats: {recvpackets,"tsung_controller@ip-172-31-17-3"} 1 1.0 0.0 2559 1 802.8571428571429 7
stats: {sentpackets,"tsung_controller@ip-172-31-17-3"} 1 2.0 0.0 2555 2 728.8571428571429 7
stats: {cpu,"tsung_controller@ip-172-31-17-3"} 1 0.10010010010010009 0.0 4.42211055276382 0.1 1.3396295557772016 8
stats: session 1 53002.995 0.0 53002.995 651.446 11310.076125000001 208
stats: users_count 0 210
stats: finish_users_count 1 209
stats: request 0 0 0 243.39 0.389 15.499606751824814 1096
stats: connect 0 0 0 8.313 0.642 0.8805659163987138 311
stats: page 0 0 0 243.39 1.369 21.457717528373262 793
stats: 302 0 101
stats: 200 0 389
stats: size_rcv 0 4118646
stats: 422 0 202
stats: newphase 0 2
stats: size_sent 0 566807
stats: connected -2 1
stats: 400 0 101
stats: 404 0 202
stats: 500 0 101
# stats: dump at 1574758834
stats: users 1 128
stats: {freemem,"tsung_controller@ip-172-31-17-3"} 1 3502.41015625 0.0 3516.375 3488.8828125 3501.2526041666665 9
stats: {load,"tsung_controller@ip-172-31-17-3"} 1 0.05859375 0.0 0.16015625 0.0 0.0720486111111111 9
stats: {recvpackets,"tsung_controller@ip-172-31-17-3"} 1 1.0 0.0 2559 1 702.625 8
stats: {sentpackets,"tsung_controller@ip-172-31-17-3"} 1 2.0 0.0 2555 2 638.0 8
stats: {cpu,"tsung_controller@ip-172-31-17-3"} 1 0.0999000999000999 0.0 4.42211055276382 0.0999000999000999 1.201904060701968 9
stats: session 0 0 0 53002.995 651.446 11509.56377511962 209
stats: users_count 0 210
stats: finish_users_count 0 209
stats: request 0 0 0 243.39 0.389 15.499606751824814 1096
stats: connect 0 0 0 8.313 0.642 0.8805659163987138 311
stats: page 0 0 0 243.39 1.369 21.457717528373262 793
stats: 302 0 101
stats: 200 0 389
stats: size_rcv 0 4118646
stats: 422 0 202
stats: newphase 0 2
stats: size_sent 0 566807
stats: connected 0 1
stats: 400 0 101
stats: 404 0 202
stats: 500 0 101
# stats: dump at 1574758835
stats: users 0 128
stats: {freemem,"tsung_controller@ip-172-31-17-3"} 1 3502.5625 0.0 3516.375 3488.8828125 3501.368359375 10
stats: {load,"tsung_controller@ip-172-31-17-3"} 1 0.05078125 0.0 0.16015625 0.0 0.070703125 10
stats: {recvpackets,"tsung_controller@ip-172-31-17-3"} 1 1.0 0.0 2559 1 624.6666666666666 9
stats: {sentpackets,"tsung_controller@ip-172-31-17-3"} 1 2.0 0.0 2555 2 567.3333333333334 9
stats: {cpu,"tsung_controller@ip-172-31-17-3"} 1 0.10010010010010009 0.0 4.42211055276382 0.0999000999000999 1.0917036646217813 10
stats: session 1 71411.951 0.0 71411.951 651.446 11509.56377511962 209
stats: users_count 0 210
stats: finish_users_count 1 210
stats: request 0 0 0 243.39 0.389 15.499606751824814 1096
stats: connect 0 0 0 8.313 0.642 0.8805659163987138 311
stats: page 0 0 0 243.39 1.369 21.457717528373262 793
stats: 302 0 101
stats: 200 0 389
stats: size_rcv 0 4118646
stats: 422 0 202
stats: newphase 0 2
stats: size_sent 0 566807
stats: connected -1 0
stats: 400 0 101
stats: 404 0 202
stats: 500 0 101
EndMonitor:{1574,758835,784079}
