
=INFO REPORT==== 26-Nov-2019::08:15:42 ===
    ts_config_server:(5:<0.102.0>) Config server started, logdir is "/home/ec2-user/.tsung/log/20191126-0815"
 
=INFO REPORT==== 26-Nov-2019::08:15:42 ===
              ts_mon:(5:<0.83.0>) starting monitor, global 

=INFO REPORT==== 26-Nov-2019::08:15:42 ===
           ts_config:(5:<0.102.0>) Reading config file: new.xml

=INFO REPORT==== 26-Nov-2019::08:15:42 ===
      ts_config_http:(4:<0.102.0>) Get user agent: 100 "Mozilla/5.0 (Windows; U; Windows NT 5.2; fr-FR; rv:1.7.8) Gecko/20050511 Firefox/1.0.4" 

=INFO REPORT==== 26-Nov-2019::08:15:42 ===
           ts_config:(5:<0.102.0>) Session name for id 1 is "open-app-view-posts"

=INFO REPORT==== 26-Nov-2019::08:15:42 ===
           ts_config:(5:<0.102.0>) Session name for id 2 is "http-example"

=INFO REPORT==== 26-Nov-2019::08:15:42 ===
           ts_config:(5:<0.102.0>) Session name for id 3 is "sign-in"

=INFO REPORT==== 26-Nov-2019::08:15:42 ===
    ts_config_server:(4:<0.102.0>) SYSINFO:Tsung version: 1.7.0

=INFO REPORT==== 26-Nov-2019::08:15:42 ===
    ts_config_server:(4:<0.102.0>) SYSINFO:Erlang version: Erlang/OTP 20 [erts-9.1] [source] [64-bit] [smp:1:1] [ds:1:1:10] [async-threads:8] [hipe] [kernel-poll:true]


=INFO REPORT==== 26-Nov-2019::08:15:42 ===
    ts_config_server:(4:<0.102.0>) SYSINFO:System architecture x86_64-unknown-linux-gnu

=INFO REPORT==== 26-Nov-2019::08:15:42 ===
    ts_config_server:(4:<0.102.0>) SYSINFO:Current path: /usr/local/lib/tsung/tsung-1.7.0/ebin/tsung.beam

=INFO REPORT==== 26-Nov-2019::08:15:42 ===
              ts_mon:(5:<0.103.0>) Activate clients with text backend

=INFO REPORT==== 26-Nov-2019::08:15:42 ===
              ts_mon:(5:<0.103.0>) Starting tsung clients on hosts: [localhost]

=INFO REPORT==== 26-Nov-2019::08:15:42 ===
    ts_config_server:(5:<0.102.0>) Start a launcher on the controller beam localhost

=INFO REPORT==== 26-Nov-2019::08:15:42 ===
  ts_launcher_static:(5:<0.154.0>) Launch msg receive ("localhost")

=INFO REPORT==== 26-Nov-2019::08:15:42 ===
         ts_launcher:(5:<0.155.0>) Launch msg receive ("localhost")

=INFO REPORT==== 26-Nov-2019::08:15:42 ===
    ts_config_server:(5:<0.102.0>) New arrival phase 1 for client "localhost" (last ? true): will start 10 users

=INFO REPORT==== 26-Nov-2019::08:15:42 ===
    ts_config_server:(5:<0.102.0>) New arrival phase 2 for client "localhost" (last ? true): will start 40 users

=INFO REPORT==== 26-Nov-2019::08:15:42 ===
    ts_config_server:(5:<0.102.0>) New arrival phase 3 for client "localhost" (last ? true): will start 160 users

=INFO REPORT==== 26-Nov-2019::08:15:42 ===
         ts_launcher:(5:<0.155.0>) Expected duration of first phase: 10.0 sec (10 users) 

=INFO REPORT==== 26-Nov-2019::08:15:42 ===
         ts_launcher:(5:<0.155.0>) Activate launcher (10 users) in 1328 msec 

=INFO REPORT==== 26-Nov-2019::08:15:45 ===
           ts_search:(5:<0.162.0>) Dyn Var (RE): no Match (varname=new_post_url), 

=INFO REPORT==== 26-Nov-2019::08:15:46 ===
           ts_search:(5:<0.163.0>) Dyn Var (RE): no Match (varname=new_post_url), 

=INFO REPORT==== 26-Nov-2019::08:15:49 ===
         ts_launcher:(4:<0.155.0>) Need to wait 4.19 sec before changing phase, going to sleep

=INFO REPORT==== 26-Nov-2019::08:15:50 ===
           ts_search:(5:<0.164.0>) Dyn Var (RE): no Match (varname=new_post_url), 

=INFO REPORT==== 26-Nov-2019::08:15:51 ===
           ts_search:(5:<0.166.0>) Dyn Var (RE): no Match (varname=new_post_url), 

=INFO REPORT==== 26-Nov-2019::08:15:53 ===
         ts_launcher:(5:<0.155.0>) Waking up

=INFO REPORT==== 26-Nov-2019::08:15:53 ===
         ts_launcher:(5:<0.155.0>) Start a new arrival phase (40 users, 0.004); expected duration=10.0 sec

=INFO REPORT==== 26-Nov-2019::08:15:55 ===
           ts_search:(5:<0.171.0>) Dyn Var (RE): no Match (varname=new_post_url), 

=INFO REPORT==== 26-Nov-2019::08:15:57 ===
           ts_search:(5:<0.179.0>) Dyn Var (RE): no Match (varname=new_post_url), 

=INFO REPORT==== 26-Nov-2019::08:15:57 ===
           ts_search:(5:<0.167.0>) Dyn Var (RE): no Match (varname=new_post_url), 

=INFO REPORT==== 26-Nov-2019::08:15:57 ===
           ts_search:(5:<0.173.0>) Dyn Var (RE): no Match (varname=new_post_url), 

=INFO REPORT==== 26-Nov-2019::08:15:58 ===
           ts_search:(5:<0.185.0>) Dyn Var (RE): no Match (varname=new_post_url), 

=INFO REPORT==== 26-Nov-2019::08:15:58 ===
           ts_search:(5:<0.190.0>) Dyn Var (RE): no Match (varname=new_post_url), 

=INFO REPORT==== 26-Nov-2019::08:15:58 ===
           ts_search:(5:<0.174.0>) Dyn Var (RE): no Match (varname=new_post_url), 

=INFO REPORT==== 26-Nov-2019::08:15:59 ===
           ts_search:(5:<0.184.0>) Dyn Var (RE): no Match (varname=new_post_url), 

=INFO REPORT==== 26-Nov-2019::08:15:59 ===
           ts_search:(5:<0.178.0>) Dyn Var (RE): no Match (varname=new_post_url), 

=INFO REPORT==== 26-Nov-2019::08:15:59 ===
           ts_search:(5:<0.181.0>) Dyn Var (RE): no Match (varname=new_post_url), 

=INFO REPORT==== 26-Nov-2019::08:16:00 ===
           ts_search:(5:<0.193.0>) Dyn Var (RE): no Match (varname=new_post_url), 

=INFO REPORT==== 26-Nov-2019::08:16:00 ===
           ts_search:(5:<0.189.0>) Dyn Var (RE): no Match (varname=new_post_url), 

=INFO REPORT==== 26-Nov-2019::08:16:01 ===
           ts_search:(5:<0.196.0>) Dyn Var (RE): no Match (varname=new_post_url), 

=INFO REPORT==== 26-Nov-2019::08:16:01 ===
           ts_search:(5:<0.186.0>) Dyn Var (RE): no Match (varname=new_post_url), 

=INFO REPORT==== 26-Nov-2019::08:16:01 ===
           ts_search:(5:<0.205.0>) Dyn Var (RE): no Match (varname=new_post_url), 

=INFO REPORT==== 26-Nov-2019::08:16:02 ===
         ts_launcher:(4:<0.155.0>) Need to wait 1.464 sec before changing phase, going to sleep

=INFO REPORT==== 26-Nov-2019::08:16:02 ===
           ts_search:(5:<0.187.0>) Dyn Var (RE): no Match (varname=new_post_url), 

=INFO REPORT==== 26-Nov-2019::08:16:03 ===
           ts_search:(5:<0.207.0>) Dyn Var (RE): no Match (varname=new_post_url), 

=INFO REPORT==== 26-Nov-2019::08:16:03 ===
         ts_launcher:(5:<0.155.0>) Waking up

=INFO REPORT==== 26-Nov-2019::08:16:03 ===
         ts_launcher:(5:<0.155.0>) Start a new arrival phase (160 users, 0.016); expected duration=10.0 sec

=INFO REPORT==== 26-Nov-2019::08:16:03 ===
           ts_search:(5:<0.204.0>) Dyn Var (RE): no Match (varname=new_post_url), 

=INFO REPORT==== 26-Nov-2019::08:16:04 ===
           ts_search:(5:<0.175.0>) Dyn Var (RE): no Match (varname=new_post_url), 

=INFO REPORT==== 26-Nov-2019::08:16:04 ===
           ts_search:(5:<0.220.0>) Dyn Var (RE): no Match (varname=new_post_url), 

=INFO REPORT==== 26-Nov-2019::08:16:05 ===
           ts_search:(5:<0.224.0>) Dyn Var (RE): no Match (varname=new_post_url), 

=INFO REPORT==== 26-Nov-2019::08:16:06 ===
           ts_search:(5:<0.214.0>) Dyn Var (RE): no Match (varname=new_post_url), 

=INFO REPORT==== 26-Nov-2019::08:16:06 ===
           ts_search:(5:<0.235.0>) Dyn Var (RE): no Match (varname=new_post_url), 

=INFO REPORT==== 26-Nov-2019::08:16:06 ===
           ts_search:(5:<0.199.0>) Dyn Var (RE): no Match (varname=new_post_url), 

=INFO REPORT==== 26-Nov-2019::08:16:06 ===
           ts_search:(5:<0.228.0>) Dyn Var (RE): no Match (varname=new_post_url), 

=INFO REPORT==== 26-Nov-2019::08:16:06 ===
           ts_search:(5:<0.251.0>) Dyn Var (RE): no Match (varname=new_post_url), 

=INFO REPORT==== 26-Nov-2019::08:16:06 ===
           ts_search:(5:<0.221.0>) Dyn Var (RE): no Match (varname=new_post_url), 

=INFO REPORT==== 26-Nov-2019::08:16:07 ===
           ts_search:(5:<0.226.0>) Dyn Var (RE): no Match (varname=new_post_url), 

=INFO REPORT==== 26-Nov-2019::08:16:07 ===
           ts_search:(5:<0.237.0>) Dyn Var (RE): no Match (varname=new_post_url), 

=INFO REPORT==== 26-Nov-2019::08:16:07 ===
           ts_search:(5:<0.212.0>) Dyn Var (RE): no Match (varname=new_post_url), 

=INFO REPORT==== 26-Nov-2019::08:16:07 ===
           ts_search:(5:<0.248.0>) Dyn Var (RE): no Match (varname=new_post_url), 

=INFO REPORT==== 26-Nov-2019::08:16:07 ===
           ts_search:(5:<0.222.0>) Dyn Var (RE): no Match (varname=new_post_url), 

=INFO REPORT==== 26-Nov-2019::08:16:07 ===
           ts_search:(5:<0.233.0>) Dyn Var (RE): no Match (varname=new_post_url), 

=INFO REPORT==== 26-Nov-2019::08:16:07 ===
           ts_search:(5:<0.246.0>) Dyn Var (RE): no Match (varname=new_post_url), 

=INFO REPORT==== 26-Nov-2019::08:16:07 ===
           ts_search:(5:<0.218.0>) Dyn Var (RE): no Match (varname=new_post_url), 

=INFO REPORT==== 26-Nov-2019::08:16:08 ===
           ts_search:(5:<0.225.0>) Dyn Var (RE): no Match (varname=new_post_url), 

=INFO REPORT==== 26-Nov-2019::08:16:08 ===
           ts_search:(5:<0.230.0>) Dyn Var (RE): no Match (varname=new_post_url), 

=INFO REPORT==== 26-Nov-2019::08:16:08 ===
           ts_search:(5:<0.283.0>) Dyn Var (RE): no Match (varname=new_post_url), 

=INFO REPORT==== 26-Nov-2019::08:16:08 ===
           ts_search:(5:<0.253.0>) Dyn Var (RE): no Match (varname=new_post_url), 

=INFO REPORT==== 26-Nov-2019::08:16:08 ===
           ts_search:(5:<0.202.0>) Dyn Var (RE): no Match (varname=new_post_url), 

=INFO REPORT==== 26-Nov-2019::08:16:09 ===
           ts_search:(5:<0.275.0>) Dyn Var (RE): no Match (varname=new_post_url), 

=INFO REPORT==== 26-Nov-2019::08:16:09 ===
           ts_search:(5:<0.217.0>) Dyn Var (RE): no Match (varname=new_post_url), 

=INFO REPORT==== 26-Nov-2019::08:16:09 ===
           ts_search:(5:<0.281.0>) Dyn Var (RE): no Match (varname=new_post_url), 

=INFO REPORT==== 26-Nov-2019::08:16:09 ===
           ts_search:(5:<0.260.0>) Dyn Var (RE): no Match (varname=new_post_url), 

=INFO REPORT==== 26-Nov-2019::08:16:09 ===
           ts_search:(5:<0.276.0>) Dyn Var (RE): no Match (varname=new_post_url), 

=INFO REPORT==== 26-Nov-2019::08:16:09 ===
           ts_search:(5:<0.286.0>) Dyn Var (RE): no Match (varname=new_post_url), 

=INFO REPORT==== 26-Nov-2019::08:16:09 ===
           ts_search:(5:<0.258.0>) Dyn Var (RE): no Match (varname=new_post_url), 

=INFO REPORT==== 26-Nov-2019::08:16:10 ===
           ts_search:(5:<0.208.0>) Dyn Var (RE): no Match (varname=new_post_url), 

=INFO REPORT==== 26-Nov-2019::08:16:10 ===
           ts_search:(5:<0.242.0>) Dyn Var (RE): no Match (varname=new_post_url), 

=INFO REPORT==== 26-Nov-2019::08:16:10 ===
           ts_search:(5:<0.288.0>) Dyn Var (RE): no Match (varname=new_post_url), 

=INFO REPORT==== 26-Nov-2019::08:16:10 ===
           ts_search:(5:<0.240.0>) Dyn Var (RE): no Match (varname=new_post_url), 

=INFO REPORT==== 26-Nov-2019::08:16:10 ===
           ts_search:(5:<0.247.0>) Dyn Var (RE): no Match (varname=new_post_url), 

=INFO REPORT==== 26-Nov-2019::08:16:10 ===
           ts_search:(5:<0.297.0>) Dyn Var (RE): no Match (varname=new_post_url), 

=INFO REPORT==== 26-Nov-2019::08:16:10 ===
           ts_search:(5:<0.278.0>) Dyn Var (RE): no Match (varname=new_post_url), 

=INFO REPORT==== 26-Nov-2019::08:16:10 ===
           ts_search:(5:<0.270.0>) Dyn Var (RE): no Match (varname=new_post_url), 

=INFO REPORT==== 26-Nov-2019::08:16:10 ===
           ts_search:(5:<0.223.0>) Dyn Var (RE): no Match (varname=new_post_url), 

=INFO REPORT==== 26-Nov-2019::08:16:10 ===
           ts_search:(5:<0.314.0>) Dyn Var (RE): no Match (varname=new_post_url), 

=INFO REPORT==== 26-Nov-2019::08:16:10 ===
           ts_search:(5:<0.308.0>) Dyn Var (RE): no Match (varname=new_post_url), 

=INFO REPORT==== 26-Nov-2019::08:16:11 ===
           ts_search:(5:<0.282.0>) Dyn Var (RE): no Match (varname=new_post_url), 

=INFO REPORT==== 26-Nov-2019::08:16:11 ===
           ts_search:(5:<0.333.0>) Dyn Var (RE): no Match (varname=new_post_url), 

=INFO REPORT==== 26-Nov-2019::08:16:11 ===
           ts_search:(5:<0.216.0>) Dyn Var (RE): no Match (varname=new_post_url), 

=INFO REPORT==== 26-Nov-2019::08:16:11 ===
           ts_search:(5:<0.239.0>) Dyn Var (RE): no Match (varname=new_post_url), 

=INFO REPORT==== 26-Nov-2019::08:16:11 ===
           ts_search:(5:<0.300.0>) Dyn Var (RE): no Match (varname=new_post_url), 

=INFO REPORT==== 26-Nov-2019::08:16:12 ===
           ts_search:(5:<0.274.0>) Dyn Var (RE): no Match (varname=new_post_url), 

=INFO REPORT==== 26-Nov-2019::08:16:12 ===
           ts_search:(5:<0.323.0>) Dyn Var (RE): no Match (varname=new_post_url), 

=INFO REPORT==== 26-Nov-2019::08:16:12 ===
           ts_search:(5:<0.277.0>) Dyn Var (RE): no Match (varname=new_post_url), 

=INFO REPORT==== 26-Nov-2019::08:16:12 ===
           ts_search:(5:<0.291.0>) Dyn Var (RE): no Match (varname=new_post_url), 

=INFO REPORT==== 26-Nov-2019::08:16:12 ===
           ts_search:(5:<0.309.0>) Dyn Var (RE): no Match (varname=new_post_url), 

=INFO REPORT==== 26-Nov-2019::08:16:12 ===
           ts_search:(5:<0.262.0>) Dyn Var (RE): no Match (varname=new_post_url), 

=INFO REPORT==== 26-Nov-2019::08:16:12 ===
           ts_search:(5:<0.219.0>) Dyn Var (RE): no Match (varname=new_post_url), 

=INFO REPORT==== 26-Nov-2019::08:16:13 ===
           ts_search:(5:<0.358.0>) Dyn Var (RE): no Match (varname=new_post_url), 

=INFO REPORT==== 26-Nov-2019::08:16:13 ===
           ts_search:(5:<0.332.0>) Dyn Var (RE): no Match (varname=new_post_url), 

=INFO REPORT==== 26-Nov-2019::08:16:13 ===
           ts_search:(5:<0.346.0>) Dyn Var (RE): no Match (varname=new_post_url), 

=INFO REPORT==== 26-Nov-2019::08:16:13 ===
         ts_launcher:(5:<0.155.0>) This was the last phase, wait for connected users to finish their session

=INFO REPORT==== 26-Nov-2019::08:16:13 ===
           ts_search:(5:<0.352.0>) Dyn Var (RE): no Match (varname=new_post_url), 

=INFO REPORT==== 26-Nov-2019::08:16:14 ===
           ts_search:(5:<0.365.0>) Dyn Var (RE): no Match (varname=new_post_url), 

=INFO REPORT==== 26-Nov-2019::08:16:14 ===
           ts_search:(5:<0.211.0>) Dyn Var (RE): no Match (varname=new_post_url), 

=INFO REPORT==== 26-Nov-2019::08:16:14 ===
           ts_search:(5:<0.338.0>) Dyn Var (RE): no Match (varname=new_post_url), 

=INFO REPORT==== 26-Nov-2019::08:16:14 ===
           ts_search:(5:<0.315.0>) Dyn Var (RE): no Match (varname=new_post_url), 

=INFO REPORT==== 26-Nov-2019::08:16:14 ===
           ts_search:(5:<0.341.0>) Dyn Var (RE): no Match (varname=new_post_url), 

=INFO REPORT==== 26-Nov-2019::08:16:14 ===
           ts_search:(5:<0.328.0>) Dyn Var (RE): no Match (varname=new_post_url), 

=INFO REPORT==== 26-Nov-2019::08:16:15 ===
           ts_search:(5:<0.256.0>) Dyn Var (RE): no Match (varname=new_post_url), 

=INFO REPORT==== 26-Nov-2019::08:16:15 ===
           ts_search:(5:<0.354.0>) Dyn Var (RE): no Match (varname=new_post_url), 

=INFO REPORT==== 26-Nov-2019::08:16:15 ===
           ts_search:(5:<0.265.0>) Dyn Var (RE): no Match (varname=new_post_url), 

=INFO REPORT==== 26-Nov-2019::08:16:15 ===
           ts_search:(5:<0.306.0>) Dyn Var (RE): no Match (varname=new_post_url), 

=INFO REPORT==== 26-Nov-2019::08:16:15 ===
           ts_search:(5:<0.326.0>) Dyn Var (RE): no Match (varname=new_post_url), 

=INFO REPORT==== 26-Nov-2019::08:16:15 ===
           ts_search:(5:<0.327.0>) Dyn Var (RE): no Match (varname=new_post_url), 

=INFO REPORT==== 26-Nov-2019::08:16:15 ===
           ts_search:(5:<0.361.0>) Dyn Var (RE): no Match (varname=new_post_url), 

=INFO REPORT==== 26-Nov-2019::08:16:15 ===
           ts_search:(5:<0.349.0>) Dyn Var (RE): no Match (varname=new_post_url), 

=INFO REPORT==== 26-Nov-2019::08:16:16 ===
           ts_search:(5:<0.325.0>) Dyn Var (RE): no Match (varname=new_post_url), 

=INFO REPORT==== 26-Nov-2019::08:16:16 ===
           ts_search:(5:<0.198.0>) Dyn Var (RE): no Match (varname=new_post_url), 

=INFO REPORT==== 26-Nov-2019::08:16:17 ===
           ts_search:(5:<0.339.0>) Dyn Var (RE): no Match (varname=new_post_url), 

=INFO REPORT==== 26-Nov-2019::08:16:17 ===
           ts_search:(5:<0.367.0>) Dyn Var (RE): no Match (varname=new_post_url), 

=INFO REPORT==== 26-Nov-2019::08:16:17 ===
           ts_search:(5:<0.322.0>) Dyn Var (RE): no Match (varname=new_post_url), 

=INFO REPORT==== 26-Nov-2019::08:16:17 ===
           ts_search:(5:<0.329.0>) Dyn Var (RE): no Match (varname=new_post_url), 

=INFO REPORT==== 26-Nov-2019::08:16:17 ===
           ts_search:(5:<0.320.0>) Dyn Var (RE): no Match (varname=new_post_url), 

=INFO REPORT==== 26-Nov-2019::08:16:17 ===
           ts_search:(5:<0.331.0>) Dyn Var (RE): no Match (varname=new_post_url), 

=INFO REPORT==== 26-Nov-2019::08:16:17 ===
           ts_search:(5:<0.357.0>) Dyn Var (RE): no Match (varname=new_post_url), 

=INFO REPORT==== 26-Nov-2019::08:16:18 ===
           ts_search:(5:<0.334.0>) Dyn Var (RE): no Match (varname=new_post_url), 

=INFO REPORT==== 26-Nov-2019::08:16:18 ===
           ts_search:(5:<0.301.0>) Dyn Var (RE): no Match (varname=new_post_url), 

=INFO REPORT==== 26-Nov-2019::08:17:33 ===
     ts_launcher_mgr:(5:<0.149.0>) No more active users 'tsung_controller@ip-172-31-17-3' "7686"

=INFO REPORT==== 26-Nov-2019::08:17:34 ===
              ts_mon:(5:<0.103.0>) stopping monitor (normal)
