# stats: dump at 1574759106
stats: users 2 8
stats: {freemem,"tsung_controller@ip-172-31-17-3"} 1 3516.609375 0 3516.609375 3516.609375 0 0
stats: {load,"tsung_controller@ip-172-31-17-3"} 1 0.078125 0 0.078125 0.078125 0 0
stats: {cpu,"tsung_controller@ip-172-31-17-3"} 1 0.4884104980019985 0 0.4884104980019985 0.4884104980019985 0 0
stats: session 8 4228.2901249999995 1695.6518971607527 6672.949 1606.846 0 0
stats: users_count 10 10
stats: finish_users_count 8 8
stats: request 53 24.261018867924534 49.305827668301525 247.684 0.5 0 0
stats: connect 15 2.6276666666666677 6.137919046568001 25.591 0.789 0 0
stats: page 38 33.88044736842105 56.69454815416668 247.684 1.647 0 0
stats: 302 5 5
stats: 200 14 14
stats: size_rcv 123570 123570
stats: 422 10 10
stats: size_sent 27633 27633
stats: connected 2 2
stats: 400 5 5
stats: 404 13 13
stats: 500 6 6
# stats: dump at 1574759116
stats: users 28 28
stats: {freemem,"tsung_controller@ip-172-31-17-3"} 1 3516.24609375 0.0 3516.609375 3516.24609375 3516.609375 1
stats: {load,"tsung_controller@ip-172-31-17-3"} 1 0.0703125 0.0 0.078125 0.0703125 0.078125 1
stats: {recvpackets,"tsung_controller@ip-172-31-17-3"} 1 213 0 213 213 0 0
stats: {sentpackets,"tsung_controller@ip-172-31-17-3"} 1 204 0 204 204 0 0
stats: {cpu,"tsung_controller@ip-172-31-17-3"} 1 1.0967098703888334 0.0 1.0967098703888334 0.4884104980019985 0.4884104980019985 1
stats: session 14 3651.5607142857148 2049.914202872279 8451.155 926.781 4228.2901249999995 8
stats: users_count 40 50
stats: finish_users_count 14 22
stats: request 139 10.291769784172667 30.8925318067169 248.193 0.438 24.261018867924534 53
stats: connect 47 1.0282127659574472 0.222029414973841 25.591 0.749 2.6276666666666677 15
stats: page 112 12.795705357142861 34.04510906834762 248.193 1.381 33.88044736842105 38
stats: 302 9 14
stats: 200 55 69
stats: size_rcv 309840 433410
stats: 422 18 28
stats: newphase 1 1
stats: size_sent 68573 96206
stats: connected 24 26
stats: 400 9 14
stats: 404 32 45
stats: 500 16 22
# stats: dump at 1574759126
stats: users 128 138
stats: {freemem,"tsung_controller@ip-172-31-17-3"} 1 3511.52734375 0.0 3516.609375 3511.52734375 3516.427734375 2
stats: {load,"tsung_controller@ip-172-31-17-3"} 1 0.05859375 0.0 0.078125 0.05859375 0.07421875 2
stats: {recvpackets,"tsung_controller@ip-172-31-17-3"} 1 626.0 0.0 626 213 213.0 1
stats: {sentpackets,"tsung_controller@ip-172-31-17-3"} 1 645.0 0.0 645 204 204.0 1
stats: {cpu,"tsung_controller@ip-172-31-17-3"} 1 2.2794846382556986 0.0 2.2794846382556986 0.4884104980019985 0.792560184195416 2
stats: session 60 5180.820333333333 2833.4618615850686 11955.435 662.924 3861.2805000000003 22
stats: users_count 160 210
stats: finish_users_count 60 82
stats: request 587 9.663020442930168 32.42873966003385 248.193 0.402 14.14786458333334 192
stats: connect 193 0.8641450777202071 0.19810909144478164 25.591 0.7 1.4151774193548392 62
stats: page 494 11.499591093117424 35.10556155799862 248.193 1.326 18.137173333333333 150
stats: 302 31 45
stats: 200 244 313
stats: size_rcv 1557699 1991109
stats: 422 62 90
stats: newphase 1 2
stats: size_sent 290658 386864
stats: connected 110 136
stats: 400 31 45
stats: 404 146 191
stats: 500 73 95
# stats: dump at 1574759136
stats: users 29 138
stats: {freemem,"tsung_controller@ip-172-31-17-3"} 1 3486.60546875 0.0 3516.609375 3486.60546875 3514.7942708333335 3
stats: {load,"tsung_controller@ip-172-31-17-3"} 1 0.05078125 0.0 0.078125 0.05078125 0.06901041666666667 3
stats: {recvpackets,"tsung_controller@ip-172-31-17-3"} 1 2853.0 0.0 2853 213 419.5 2
stats: {sentpackets,"tsung_controller@ip-172-31-17-3"} 1 2770.0 0.0 2770 204 424.5 2
stats: {cpu,"tsung_controller@ip-172-31-17-3"} 1 6.620553359683795 0.0 6.620553359683795 0.4884104980019985 1.288201668882177 3
stats: session 99 8465.273454545453 3759.581093839131 17928.903 662.924 4826.7974512195115 82
stats: users_count 0 210
stats: finish_users_count 99 181
stats: request 337 16.22870326409497 51.366475119736286 251.185 0.379 10.768399229781783 779
stats: connect 62 0.8657419354838715 0.08371397838413279 25.591 0.7 0.998121568627451 255
stats: page 151 36.333900662251665 72.01609091413562 251.185 1.324 13.045611801242247 644
stats: 302 62 107
stats: 200 33 346
stats: size_rcv 1194945 3186054
stats: 422 124 214
stats: newphase 0 2
stats: size_sent 194825 581689
stats: connected -105 31
stats: 400 62 107
stats: 404 37 228
stats: 500 19 114
# stats: dump at 1574759146
stats: users 11 138
stats: {freemem,"tsung_controller@ip-172-31-17-3"} 1 3484.421875 0.0 3516.609375 3484.421875 3507.7470703125 4
stats: {load,"tsung_controller@ip-172-31-17-3"} 1 0.0390625 0.0 0.078125 0.0390625 0.064453125 4
stats: {recvpackets,"tsung_controller@ip-172-31-17-3"} 1 1222.0 0.0 2853 213 1230.6666666666667 3
stats: {sentpackets,"tsung_controller@ip-172-31-17-3"} 1 1024.0 0.0 2770 204 1206.3333333333333 3
stats: {cpu,"tsung_controller@ip-172-31-17-3"} 1 2.3904382470119523 0.0 6.620553359683795 0.4884104980019985 2.621289591582581 4
stats: session 18 19463.20705555556 5796.02580250403 31329.976 662.924 6816.903110497236 181
stats: users_count 0 210
stats: finish_users_count 18 199
stats: request 34 38.411029411764716 77.27281817099315 251.185 0.379 12.41725448028675 1116
stats: connect 7 0.9681428571428572 0.06283636020064583 25.591 0.7 0.9722302839116721 317
stats: page 13 100.62130769230771 96.93307521757522 251.185 1.324 17.468922012578627 795
stats: 302 7 114
stats: 200 6 352
stats: size_rcv 247510 3433564
stats: 422 14 228
stats: newphase 0 2
stats: size_sent 19300 600989
stats: connected -20 11
stats: 400 7 114
stats: 404 0 228
stats: 500 0 114
# stats: dump at 1574759156
stats: users 7 138
stats: {freemem,"tsung_controller@ip-172-31-17-3"} 1 3494.09765625 0.0 3516.609375 3484.421875 3503.08203125 5
stats: {load,"tsung_controller@ip-172-31-17-3"} 1 0.03125 0.0 0.078125 0.03125 0.059375 5
stats: {recvpackets,"tsung_controller@ip-172-31-17-3"} 1 190.0 0.0 2853 190 1228.5 4
stats: {sentpackets,"tsung_controller@ip-172-31-17-3"} 1 146.0 0.0 2770 146 1160.75 4
stats: {cpu,"tsung_controller@ip-172-31-17-3"} 1 0.4995004995004995 0.0 6.620553359683795 0.4884104980019985 2.5751193226684554 5
stats: session 4 35688.7375 6683.734519369185 46676.892 662.924 7960.789899497488 199
stats: users_count 0 210
stats: finish_users_count 4 203
stats: request 2 205.5815 0.2015000000000029 251.185 0.379 13.185766086956534 1150
stats: connect 0 0 0 25.591 0.7 0.9721419753086421 324
stats: page 2 205.5815 0.2015000000000029 251.185 1.324 18.80676980198021 808
stats: 302 0 114
stats: 200 2 354
stats: size_rcv 72302 3505866
stats: 422 0 228
stats: newphase 0 2
stats: size_sent 1176 602165
stats: connected -3 8
stats: 400 0 114
stats: 404 0 228
stats: 500 0 114
# stats: dump at 1574759166
stats: users 2 138
stats: {freemem,"tsung_controller@ip-172-31-17-3"} 1 3499.375 0.0 3516.609375 3484.421875 3501.5846354166665 6
stats: {load,"tsung_controller@ip-172-31-17-3"} 1 0.03125 0.0 0.078125 0.03125 0.0546875 6
stats: {recvpackets,"tsung_controller@ip-172-31-17-3"} 1 57.0 0.0 2853 57 1020.8 5
stats: {sentpackets,"tsung_controller@ip-172-31-17-3"} 1 27.0 0.0 2770 27 957.8 5
stats: {cpu,"tsung_controller@ip-172-31-17-3"} 1 0.10010010010010009 0.0 6.620553359683795 0.10010010010010009 2.229182852140463 6
stats: session 5 40654.615399999995 5524.171717221131 48317.972 662.924 8507.153399014778 203
stats: users_count 0 210
stats: finish_users_count 5 208
stats: request 0 0 0 251.185 0.379 13.519786458333346 1152
stats: connect 0 0 0 25.591 0.7 0.9721419753086421 324
stats: page 0 0 0 251.185 1.324 19.267941975308656 810
stats: 302 0 114
stats: 200 0 354
stats: size_rcv 0 3505866
stats: 422 0 228
stats: newphase 0 2
stats: size_sent 588 602753
stats: connected -6 2
stats: 400 0 114
stats: 404 0 228
stats: 500 0 114
# stats: dump at 1574759176
stats: users 2 138
stats: {freemem,"tsung_controller@ip-172-31-17-3"} 1 3504.37890625 0.0 3516.609375 3484.421875 3501.268973214286 7
stats: {load,"tsung_controller@ip-172-31-17-3"} 1 0.01953125 0.0 0.078125 0.01953125 0.05133928571428571 7
stats: {recvpackets,"tsung_controller@ip-172-31-17-3"} 1 33.0 0.0 2853 33 860.1666666666666 6
stats: {sentpackets,"tsung_controller@ip-172-31-17-3"} 1 19.0 0.0 2770 19 802.6666666666666 6
stats: {cpu,"tsung_controller@ip-172-31-17-3"} 1 0.1998001998001998 0.0 6.620553359683795 0.10010010010010009 1.9250281732775538 7
stats: session 0 0 0 48317.972 662.924 9279.928927884615 208
stats: users_count 0 210
stats: finish_users_count 0 208
stats: request 1 202.356 0.0 251.185 0.379 13.519786458333346 1152
stats: connect 0 0 0 25.591 0.7 0.9721419753086421 324
stats: page 1 202.356 0.0 251.185 1.324 19.267941975308656 810
stats: 302 0 114
stats: 200 1 355
stats: size_rcv 36151 3542017
stats: 422 0 228
stats: newphase 0 2
stats: size_sent 0 602753
stats: connected 0 2
stats: 400 0 114
stats: 404 0 228
stats: 500 0 114
# stats: dump at 1574759186
stats: users 0 138
stats: {freemem,"tsung_controller@ip-172-31-17-3"} 1 3504.3984375 0.0 3516.609375 3484.421875 3501.65771484375 8
stats: {load,"tsung_controller@ip-172-31-17-3"} 1 0.01953125 0.0 0.078125 0.01953125 0.04736328125 8
stats: {recvpackets,"tsung_controller@ip-172-31-17-3"} 1 2.0 0.0 2853 2 742.0 7
stats: {sentpackets,"tsung_controller@ip-172-31-17-3"} 1 3.0 0.0 2770 3 690.7142857142857 7
stats: {cpu,"tsung_controller@ip-172-31-17-3"} 1 0.1 0.0 6.620553359683795 0.1 1.7093746765928846 8
stats: session 2 57100.0475 359.0025000000023 57459.05 662.924 9279.928927884615 208
stats: users_count 0 210
stats: finish_users_count 2 210
stats: request 0 0 0 251.185 0.379 13.683564614050315 1153
stats: connect 0 0 0 25.591 0.7 0.9721419753086421 324
stats: page 0 0 0 251.185 1.324 19.493697903822454 811
stats: 302 0 114
stats: 200 0 355
stats: size_rcv 0 3542017
stats: 422 0 228
stats: newphase 0 2
stats: size_sent 0 602753
stats: connected -2 0
stats: 400 0 114
stats: 404 0 228
stats: 500 0 114
EndMonitor:{1574,759186,426030}
