# stats: dump at 1574754334
stats: users 6 6
stats: {freemem,"tsung_controller@ip-172-31-17-3"} 1 3517.27734375 0 3517.27734375 3517.27734375 0 0
stats: {load,"tsung_controller@ip-172-31-17-3"} 1 0.0 0 0.0 0.0 0 0
stats: {cpu,"tsung_controller@ip-172-31-17-3"} 1 0.7146285445543598 0 0.7146285445543598 0.7146285445543598 0 0
stats: users_count 6 6
stats: finish_users_count 0 0
stats: request 13 10.14130769230769 11.979714170114123 38.849 2.015 0 0
stats: connect 6 9.388 11.477253794643852 26.657 1.197 0 0
stats: page 13 10.14130769230769 11.979714170114123 38.849 2.015 0 0
stats: 200 7 7
stats: size_rcv 23102 23102
stats: size_sent 5453 5453
stats: connected 6 6
stats: 404 4 4
stats: 500 2 2
# stats: dump at 1574754344
stats: users 27 27
stats: {freemem,"tsung_controller@ip-172-31-17-3"} 1 3517.9375 0.0 3517.9375 3517.27734375 3517.27734375 1
stats: {load,"tsung_controller@ip-172-31-17-3"} 1 0.0 0.0 0.0 0.0 0.0 1
stats: {recvpackets,"tsung_controller@ip-172-31-17-3"} 1 61 0 61 61 0 0
stats: {sentpackets,"tsung_controller@ip-172-31-17-3"} 1 71 0 71 71 0 0
stats: {cpu,"tsung_controller@ip-172-31-17-3"} 1 0.3996003996003996 0.0 0.7146285445543598 0.3996003996003996 0.7146285445543598 1
stats: session 11 5120.8192727272735 3228.2568503138345 11308.035 1157.887 0 0
stats: users_count 32 38
stats: finish_users_count 11 11
stats: request 89 12.526179775280903 41.47081195970119 289.548 0.532 10.14130769230769 13
stats: connect 34 1.119588235294118 0.15073235291248147 26.657 0.831 9.388 6
stats: page 77 14.493493506493508 44.31689733813197 289.548 1.871 10.14130769230769 13
stats: 302 4 4
stats: 200 48 55
stats: size_rcv 218819 241921
stats: 422 8 8
stats: newphase 1 1
stats: size_sent 40621 46074
stats: connected 19 25
stats: 400 4 4
stats: 404 18 22
stats: 500 7 9
# stats: dump at 1574754354
stats: users 98 98
stats: {freemem,"tsung_controller@ip-172-31-17-3"} 1 3512.5234375 0.0 3517.9375 3512.5234375 3517.607421875 2
stats: {load,"tsung_controller@ip-172-31-17-3"} 1 0.0 0.0 0.0 0.0 0.0 2
stats: {recvpackets,"tsung_controller@ip-172-31-17-3"} 1 482.0 0.0 482 61 61.0 1
stats: {sentpackets,"tsung_controller@ip-172-31-17-3"} 1 494.0 0.0 494 71 71.0 1
stats: {cpu,"tsung_controller@ip-172-31-17-3"} 1 0.8016032064128256 0.0 0.8016032064128256 0.3996003996003996 0.5571144720773797 2
stats: session 44 5892.99975 3896.511988736016 17083.843 1104.943 5120.8192727272735 11
stats: users_count 115 153
stats: finish_users_count 44 55
stats: request 414 14.05574879227052 54.06906906629101 471.043 0.517 12.222225490196083 102
stats: connect 134 1.0265597014925376 0.3672094955198066 26.657 0.803 2.3598500000000002 40
stats: page 330 17.622512121212115 60.146946369966884 471.043 1.761 13.864844444444445 90
stats: 302 27 31
stats: 200 153 208
stats: size_rcv 1005064 1246985
stats: 422 56 64
stats: newphase 1 2
stats: size_sent 203331 249405
stats: connected 63 88
stats: 400 28 32
stats: 404 98 120
stats: 500 52 61
# stats: dump at 1574754364
stats: users 55 123
stats: {freemem,"tsung_controller@ip-172-31-17-3"} 1 3496.96875 0.0 3517.9375 3496.96875 3515.9127604166665 3
stats: {load,"tsung_controller@ip-172-31-17-3"} 1 0.0 0.0 0.0 0.0 0.0 3
stats: {recvpackets,"tsung_controller@ip-172-31-17-3"} 1 1908.0 0.0 1908 61 271.5 2
stats: {sentpackets,"tsung_controller@ip-172-31-17-3"} 1 1897.0 0.0 1897 71 282.5 2
stats: {cpu,"tsung_controller@ip-172-31-17-3"} 1 3.996003996003996 0.0 3.996003996003996 0.3996003996003996 0.6386107168558617 3
stats: session 97 7861.992670103094 4116.591189752266 30876.937 1104.943 5738.5636545454545 55
stats: users_count 54 207
stats: finish_users_count 97 152
stats: request 484 19.70867975206613 70.13625433116682 471.043 0.511 13.693308139534876 516
stats: connect 123 1.0133414634146343 0.1590998474276985 26.657 0.803 1.3330632183908049 174
stats: page 310 30.863077419354845 85.79139409540282 471.043 1.761 16.817297619047615 420
stats: 302 59 90
stats: 200 134 342
stats: size_rcv 1356969 2603954
stats: 422 116 180
stats: newphase 0 2
stats: size_sent 254229 503634
stats: connected -31 57
stats: 400 58 90
stats: 404 78 198
stats: 500 39 100
# stats: dump at 1574754374
stats: users 24 123
stats: {freemem,"tsung_controller@ip-172-31-17-3"} 1 3492.9765625 0.0 3517.9375 3492.9765625 3511.1767578125 4
stats: {load,"tsung_controller@ip-172-31-17-3"} 1 0.0 0.0 0.0 0.0 0.0 4
stats: {recvpackets,"tsung_controller@ip-172-31-17-3"} 1 1939.0 0.0 1939 61 817.0 3
stats: {sentpackets,"tsung_controller@ip-172-31-17-3"} 1 1967.0 0.0 1967 71 820.6666666666666 3
stats: {cpu,"tsung_controller@ip-172-31-17-3"} 1 5.005005005005005 0.0 5.005005005005005 0.3996003996003996 1.4779590366428952 4
stats: session 31 13513.611645161294 3544.588156328192 30876.937 1104.943 7093.646644736842 152
stats: users_count 0 207
stats: finish_users_count 31 183
stats: request 62 66.44619354838707 131.02737018651789 471.043 0.511 16.604748 1000
stats: connect 11 1.1500000000000001 0.0945708007983244 26.657 0.803 1.2006531986531987 297
stats: page 29 142.17148275862067 161.17279160377274 471.043 1.761 22.78194383561644 730
stats: 302 11 101
stats: 200 13 355
stats: size_rcv 490089 3094043
stats: 422 22 202
stats: newphase 0 2
stats: size_sent 35086 538720
stats: connected -33 24
stats: 400 11 101
stats: 404 4 202
stats: 500 1 101
# stats: dump at 1574754384
stats: users 14 123
stats: {freemem,"tsung_controller@ip-172-31-17-3"} 1 3492.64453125 0.0 3517.9375 3492.64453125 3507.53671875 5
stats: {load,"tsung_controller@ip-172-31-17-3"} 1 0.0 0.0 0.0 0.0 0.0 5
stats: {recvpackets,"tsung_controller@ip-172-31-17-3"} 1 419.0 0.0 1939 61 1097.5 4
stats: {sentpackets,"tsung_controller@ip-172-31-17-3"} 1 280.0 0.0 1967 71 1107.25 4
stats: {cpu,"tsung_controller@ip-172-31-17-3"} 1 0.501002004008016 0.0 5.005005005005005 0.3996003996003996 2.1833682303153172 5
stats: session 10 25937.804300000003 4955.045896155615 31870.046 1104.943 8181.181699453553 183
stats: users_count 0 207
stats: finish_users_count 10 193
stats: request 6 306.92766666666665 19.558111852175855 471.043 0.511 19.51451224105461 1062
stats: connect 0 0 0 26.657 0.803 1.198844155844156 308
stats: page 6 306.92766666666665 19.558111852175855 471.043 1.761 27.343599472990775 759
stats: 302 0 101
stats: 200 6 361
stats: size_rcv 215358 3309401
stats: 422 0 202
stats: newphase 0 2
stats: size_sent 3446 542166
stats: connected -8 16
stats: 400 0 101
stats: 404 0 202
stats: 500 0 101
# stats: dump at 1574754394
stats: users 5 123
stats: {freemem,"tsung_controller@ip-172-31-17-3"} 1 3492.53125 0.0 3517.9375 3492.53125 3505.0546875 6
stats: {load,"tsung_controller@ip-172-31-17-3"} 1 0.0 0.0 0.0 0.0 0.0 6
stats: {recvpackets,"tsung_controller@ip-172-31-17-3"} 1 175.0 0.0 1939 61 961.8 5
stats: {sentpackets,"tsung_controller@ip-172-31-17-3"} 1 108.0 0.0 1967 71 941.8 5
stats: {cpu,"tsung_controller@ip-172-31-17-3"} 1 0.20020020020020018 0.0 5.005005005005005 0.20020020020020018 1.9029738592641003 6
stats: session 9 35740.53599999999 6186.743259367816 47213.929 1104.943 9101.213958549224 193
stats: users_count 0 207
stats: finish_users_count 9 202
stats: request 0 0 0 471.043 0.511 21.129192883895126 1068
stats: connect 0 0 0 26.657 0.803 1.198844155844156 308
stats: page 0 0 0 471.043 1.761 29.536415686274506 765
stats: 302 0 101
stats: 200 0 361
stats: size_rcv 0 3309401
stats: 422 0 202
stats: newphase 0 2
stats: size_sent 0 542166
stats: connected -11 5
stats: 400 0 101
stats: 404 0 202
stats: 500 0 101
# stats: dump at 1574754404
stats: users 2 123
stats: {freemem,"tsung_controller@ip-172-31-17-3"} 1 3492.53125 0.0 3517.9375 3492.53125 3503.265625 7
stats: {load,"tsung_controller@ip-172-31-17-3"} 1 0.0 0.0 0.0 0.0 0.0 7
stats: {recvpackets,"tsung_controller@ip-172-31-17-3"} 1 16.0 0.0 1939 16 830.6666666666666 6
stats: {sentpackets,"tsung_controller@ip-172-31-17-3"} 1 22.0 0.0 1967 22 802.8333333333334 6
stats: {cpu,"tsung_controller@ip-172-31-17-3"} 1 0.0999000999000999 0.0 5.005005005005005 0.0999000999000999 1.6597204793978289 7
stats: session 3 41510.39033333334 2099.929236610658 47213.929 1104.943 10288.114445544556 202
stats: users_count 0 207
stats: finish_users_count 3 205
stats: request 1 294.406 0.0 471.043 0.511 21.129192883895126 1068
stats: connect 0 0 0 26.657 0.803 1.198844155844156 308
stats: page 1 294.406 0.0 471.043 1.761 29.536415686274506 765
stats: 302 0 101
stats: 200 1 362
stats: size_rcv 35893 3345294
stats: 422 0 202
stats: newphase 0 2
stats: size_sent 574 542740
stats: connected -3 2
stats: 400 0 101
stats: 404 0 202
stats: 500 0 101
# stats: dump at 1574754414
stats: users 0 123
stats: {freemem,"tsung_controller@ip-172-31-17-3"} 1 3492.53125 0.0 3517.9375 3492.53125 3501.923828125 8
stats: {load,"tsung_controller@ip-172-31-17-3"} 1 0.0 0.0 0.0 0.0 0.0 8
stats: {recvpackets,"tsung_controller@ip-172-31-17-3"} 1 30.0 0.0 1939 16 714.2857142857143 7
stats: {sentpackets,"tsung_controller@ip-172-31-17-3"} 1 21.0 0.0 1967 21 691.2857142857143 7
stats: {cpu,"tsung_controller@ip-172-31-17-3"} 1 0.2 0.0 5.005005005005005 0.0999000999000999 1.464742931960613 8
stats: session 2 58806.501000000004 3412.475999999997 62218.977 1104.943 10745.025800000001 205
stats: users_count 0 207
stats: finish_users_count 2 207
stats: request 0 0 0 471.043 0.511 21.38483068288119 1069
stats: connect 0 0 0 26.657 0.803 1.198844155844156 308
stats: page 0 0 0 471.043 1.761 29.88219843342036 766
stats: 302 0 101
stats: 200 0 362
stats: size_rcv 0 3345294
stats: 422 0 202
stats: newphase 0 2
stats: size_sent 0 542740
stats: connected -1 1
stats: 400 0 101
stats: 404 0 202
stats: 500 0 101
# stats: dump at 1574754419
stats: users 0 123
stats: {freemem,"tsung_controller@ip-172-31-17-3"} 1 3496.27734375 0.0 3517.9375 3492.53125 3500.8802083333335 9
stats: {load,"tsung_controller@ip-172-31-17-3"} 1 0.0 0.0 0.0 0.0 0.0 9
stats: {recvpackets,"tsung_controller@ip-172-31-17-3"} 1 53.0 0.0 1939 16 628.75 8
stats: {sentpackets,"tsung_controller@ip-172-31-17-3"} 1 154.0 0.0 1967 21 607.5 8
stats: {cpu,"tsung_controller@ip-172-31-17-3"} 1 1.402805611222445 0.0 5.005005005005005 0.0999000999000999 1.3242159395205446 9
stats: session 0 0 0 62218.977 1104.943 11209.387879227053 207
stats: users_count 0 207
stats: finish_users_count 0 207
stats: request 0 0 0 471.043 0.511 21.38483068288119 1069
stats: connect 0 0 0 26.657 0.803 1.198844155844156 308
stats: page 0 0 0 471.043 1.761 29.88219843342036 766
stats: 302 0 101
stats: 200 0 362
stats: size_rcv 0 3345294
stats: 422 0 202
stats: newphase 0 2
stats: size_sent 0 542740
stats: connected -1 0
stats: 400 0 101
stats: 404 0 202
stats: 500 0 101
EndMonitor:{1574,754419,35674}
