# stats: dump at 1574451019
stats: users 6 7
stats: {freemem,"tsung_controller@ip-172-31-29-212"} 1 3521.78125 0 3521.78125 3521.78125 0 0
stats: {load,"tsung_controller@ip-172-31-29-212"} 1 0.03125 0 0.03125 0.03125 0 0
stats: {cpu,"tsung_controller@ip-172-31-29-212"} 1 2.0704107292539815 0 2.0704107292539815 2.0704107292539815 0 0
stats: session 2 4319.8355 1947.9754999999996 6267.811 2371.86 0 0
stats: users_count 8 8
stats: finish_users_count 2 2
stats: request 14 15.716357142857147 18.148129016541084 73.774 7.005 0 0
stats: connect 8 5.611250000000002 10.641898770308803 33.761 1.343 0 0
stats: page 14 15.716357142857147 18.148129016541084 73.774 7.005 0 0
stats: 200 11 11
stats: size_rcv 28289 28289
stats: size_sent 4795 4795
stats: connected 6 6
stats: 404 3 3
# stats: dump at 1574451029
stats: users 29 30
stats: {freemem,"tsung_controller@ip-172-31-29-212"} 1 3522.8125 0.0 3522.8125 3521.78125 3521.78125 1
stats: {load,"tsung_controller@ip-172-31-29-212"} 1 0.03125 0.0 0.03125 0.03125 0.03125 1
stats: {recvpackets,"tsung_controller@ip-172-31-29-212"} 1 75 0 75 75 0 0
stats: {sentpackets,"tsung_controller@ip-172-31-29-212"} 1 92 0 92 92 0 0
stats: {cpu,"tsung_controller@ip-172-31-29-212"} 1 0.7984031936127743 0.0 2.0704107292539815 0.7984031936127743 2.0704107292539815 1
stats: session 7 5986.959714285716 3537.995232392359 13359.824 2144.56 4319.8355 2
stats: users_count 30 38
stats: finish_users_count 7 9
stats: request 77 8.032181818181817 5.8213038297816455 73.774 1.205 15.716357142857147 14
stats: connect 33 1.6586363636363635 1.354824528908534 33.761 0.976 5.611250000000002 8
stats: page 74 8.793756756756755 6.365374012515768 73.774 2.372 15.716357142857147 14
stats: 302 3 3
stats: 200 45 56
stats: size_rcv 171258 199547
stats: newphase 1 1
stats: size_sent 33238 38033
stats: connected 23 29
stats: error_connection_closed 3 3
stats: 400 3 3
stats: 404 26 29
# stats: dump at 1574451039
stats: users 134 137
stats: {freemem,"tsung_controller@ip-172-31-29-212"} 1 3519.39453125 0.0 3522.8125 3519.39453125 3522.296875 2
stats: {load,"tsung_controller@ip-172-31-29-212"} 1 0.01953125 0.0 0.03125 0.01953125 0.03125 2
stats: {recvpackets,"tsung_controller@ip-172-31-29-212"} 1 316.0 0.0 316 75 75.0 1
stats: {sentpackets,"tsung_controller@ip-172-31-29-212"} 1 375.0 0.0 375 92 92.0 1
stats: {cpu,"tsung_controller@ip-172-31-29-212"} 1 1.2987012987012987 0.0 2.0704107292539815 0.7984031936127743 1.4344069614333779 2
stats: session 57 5675.199263157895 3893.661706259877 21923.234 830.811 5616.487666666668 9
stats: users_count 162 200
stats: finish_users_count 57 66
stats: request 410 6.533760975609751 3.666535362881093 73.774 0.098 9.214362637362639 91
stats: connect 183 1.3895519125683053 0.7856277405735093 33.761 0.861 2.4298780487804876 41
stats: page 377 8.03635013262599 5.283590197340099 73.774 1.114 9.895079545454543 88
stats: 302 32 35
stats: 200 189 245
stats: size_rcv 866241 1065788
stats: newphase 1 2
stats: size_sent 178341 216374
stats: connected 101 130
stats: error_connection_closed 32 35
stats: 400 33 36
stats: 404 155 184
# stats: dump at 1574451049
stats: users 48 137
stats: {freemem,"tsung_controller@ip-172-31-29-212"} 1 3506.64453125 0.0 3522.8125 3506.64453125 3521.3294270833335 3
stats: {load,"tsung_controller@ip-172-31-29-212"} 1 0.01953125 0.0 0.03125 0.01953125 0.02734375 3
stats: {recvpackets,"tsung_controller@ip-172-31-29-212"} 1 1681.0 0.0 1681 75 195.5 2
stats: {sentpackets,"tsung_controller@ip-172-31-29-212"} 1 1946.0 0.0 1946 92 233.5 2
stats: {cpu,"tsung_controller@ip-172-31-29-212"} 1 5.472636815920398 0.0 5.472636815920398 0.7984031936127743 1.3891717405226849 3
stats: session 86 8773.809860465115 3900.512657516815 21923.234 830.811 5667.193136363637 66
stats: users_count 0 200
stats: finish_users_count 86 152
stats: request 236 5.6236610169491525 4.740239152624429 73.774 0.098 7.020656686626742 501
stats: connect 67 1.5778059701492537 1.0957247344546441 33.761 0.861 1.5799687499999995 224
stats: page 177 10.961124293785316 8.135819349827381 73.774 0.867 8.38810967741935 465
stats: 302 56 91
stats: 200 52 297
stats: size_rcv 326453 1392241
stats: newphase 0 2
stats: size_sent 120398 336772
stats: connected -81 49
stats: error_connection_closed 56 91
stats: 400 59 95
stats: 404 66 250
# stats: dump at 1574451059
stats: users 16 137
stats: {freemem,"tsung_controller@ip-172-31-29-212"} 1 3504.9453125 0.0 3522.8125 3504.9453125 3517.658203125 4
stats: {load,"tsung_controller@ip-172-31-29-212"} 1 0.01953125 0.0 0.03125 0.01953125 0.025390625 4
stats: {recvpackets,"tsung_controller@ip-172-31-29-212"} 1 569.0 0.0 1681 75 690.6666666666666 3
stats: {sentpackets,"tsung_controller@ip-172-31-29-212"} 1 678.0 0.0 1946 92 804.3333333333334 3
stats: {cpu,"tsung_controller@ip-172-31-29-212"} 1 3.1777557100297913 0.0 5.472636815920398 0.7984031936127743 2.410038009372113 4
stats: session 32 18208.195125000002 3853.323041603731 24693.965 830.811 7424.884177631579 152
stats: users_count 0 200
stats: finish_users_count 32 184
stats: request 31 5.887774193548387 3.0162707556835957 73.774 0.098 6.573314789687921 737
stats: connect 10 1.4608999999999996 0.3651411918696657 33.761 0.861 1.5794707903780063 291
stats: page 21 13.860000000000003 6.381172507574809 73.774 0.867 9.097492211838006 642
stats: 302 10 101
stats: 200 9 306
stats: size_rcv 35774 1428015
stats: newphase 0 2
stats: size_sent 15453 352225
stats: connected -32 17
stats: error_connection_closed 10 101
stats: 400 10 105
stats: 404 2 252
# stats: dump at 1574451069
stats: users 8 137
stats: {freemem,"tsung_controller@ip-172-31-29-212"} 1 3507.66796875 0.0 3522.8125 3504.9453125 3515.115625 5
stats: {load,"tsung_controller@ip-172-31-29-212"} 1 0.01171875 0.0 0.03125 0.01171875 0.02421875 5
stats: {recvpackets,"tsung_controller@ip-172-31-29-212"} 1 117.0 0.0 1681 75 660.25 4
stats: {sentpackets,"tsung_controller@ip-172-31-29-212"} 1 152.0 0.0 1946 92 772.75 4
stats: {cpu,"tsung_controller@ip-172-31-29-212"} 1 1.2922465208747516 0.0 5.472636815920398 0.7984031936127743 2.5635815495036485 5
stats: session 8 30680.533750000002 7306.384226979643 44230.926 830.811 9300.24260326087 184
stats: users_count 0 200
stats: finish_users_count 8 192
stats: request 3 6.7860000000000005 3.9127985722071954 73.774 0.098 6.5456432291666635 768
stats: connect 1 1.599 0.0 33.761 0.861 1.5755315614617935 301
stats: page 2 15.4705 6.7615 73.774 0.867 9.248340874811463 663
stats: 302 1 102
stats: 200 1 307
stats: size_rcv 2443 1430458
stats: newphase 0 2
stats: size_sent 1480 353705
stats: connected -9 8
stats: error_connection_closed 1 102
stats: 400 1 106
stats: 404 0 252
# stats: dump at 1574451079
stats: users 2 137
stats: {freemem,"tsung_controller@ip-172-31-29-212"} 1 3508.3515625 0.0 3522.8125 3504.9453125 3513.8743489583335 6
stats: {load,"tsung_controller@ip-172-31-29-212"} 1 0.01171875 0.0 0.03125 0.01171875 0.022135416666666668 6
stats: {recvpackets,"tsung_controller@ip-172-31-29-212"} 1 72.0 0.0 1681 72 551.6 5
stats: {sentpackets,"tsung_controller@ip-172-31-29-212"} 1 138.0 0.0 1946 92 648.6 5
stats: {cpu,"tsung_controller@ip-172-31-29-212"} 1 0.6 0.0 5.472636815920398 0.6 2.3516923780654992 6
stats: session 6 42213.99366666667 4487.1356615592995 51383.897 830.811 10191.088067708333 192
stats: users_count 0 200
stats: finish_users_count 6 198
stats: request 0 0 0 73.774 0.098 6.5465784695201 771
stats: connect 0 0 0 33.761 0.861 1.5756092715231782 302
stats: page 0 0 0 73.774 0.867 9.267054135338345 665
stats: 302 0 102
stats: 200 0 307
stats: size_rcv 0 1430458
stats: newphase 0 2
stats: size_sent 0 353705
stats: connected -6 2
stats: error_connection_closed 0 102
stats: 400 0 106
stats: 404 0 252
# stats: dump at 1574451089
stats: users 1 137
stats: {freemem,"tsung_controller@ip-172-31-29-212"} 1 3507.91796875 0.0 3522.8125 3504.9453125 3513.085379464286 7
stats: {load,"tsung_controller@ip-172-31-29-212"} 1 0.01171875 0.0 0.03125 0.01171875 0.020647321428571428 7
stats: {recvpackets,"tsung_controller@ip-172-31-29-212"} 1 66.0 0.0 1681 66 471.6666666666667 6
stats: {sentpackets,"tsung_controller@ip-172-31-29-212"} 1 170.0 0.0 1946 92 563.5 6
stats: {cpu,"tsung_controller@ip-172-31-29-212"} 1 1.6966067864271457 0.0 5.472636815920398 0.6 2.101450609770428 7
stats: session 1 45818.062 0.0 51383.897 830.811 11161.479146464646 198
stats: users_count 0 200
stats: finish_users_count 1 199
stats: request 1 8.812 0.0 73.774 0.098 6.5465784695201 771
stats: connect 0 0 0 33.761 0.861 1.5756092715231782 302
stats: page 1 8.812 0.0 73.774 0.867 9.267054135338345 665
stats: 302 0 102
stats: 200 1 308
stats: size_rcv 2118 1432576
stats: newphase 0 2
stats: size_sent 565 354270
stats: connected -1 1
stats: error_connection_closed 0 102
stats: 400 0 106
stats: 404 0 252
# stats: dump at 1574451099
stats: users 0 137
stats: {freemem,"tsung_controller@ip-172-31-29-212"} 1 3507.8359375 0.0 3522.8125 3504.9453125 3512.439453125 8
stats: {load,"tsung_controller@ip-172-31-29-212"} 1 0.01171875 0.0 0.03125 0.01171875 0.01953125 8
stats: {recvpackets,"tsung_controller@ip-172-31-29-212"} 1 3.0 0.0 1681 3 413.7142857142857 7
stats: {sentpackets,"tsung_controller@ip-172-31-29-212"} 1 4.0 0.0 1946 4 507.2857142857143 7
stats: {cpu,"tsung_controller@ip-172-31-29-212"} 1 0.2 0.0 5.472636815920398 0.2 2.050845131852518 8
stats: session 1 58830.997 0.0 58830.997 830.811 11335.632829145727 199
stats: users_count 0 200
stats: finish_users_count 1 200
stats: request 0 0 0 73.774 0.098 6.549512953367873 772
stats: connect 0 0 0 33.761 0.861 1.5756092715231782 302
stats: page 0 0 0 73.774 0.867 9.26637087087087 666
stats: 302 0 102
stats: 200 0 308
stats: size_rcv 0 1432576
stats: newphase 0 2
stats: size_sent 0 354270
stats: connected -1 0
stats: error_connection_closed 0 102
stats: 400 0 106
stats: 404 0 252
# stats: dump at 1574451099
stats: users 0 137
stats: {freemem,"tsung_controller@ip-172-31-29-212"} 0 0 0 3522.8125 3504.9453125 3511.9279513888887 9
stats: {load,"tsung_controller@ip-172-31-29-212"} 0 0 0 0.03125 0.01171875 0.018663194444444444 9
stats: {recvpackets,"tsung_controller@ip-172-31-29-212"} 0 0 0 1681 3 362.375 8
stats: {sentpackets,"tsung_controller@ip-172-31-29-212"} 0 0 0 1946 4 444.375 8
stats: {cpu,"tsung_controller@ip-172-31-29-212"} 0 0 0 5.472636815920398 0.2 1.8451956727577938 9
stats: session 0 0 0 58830.997 830.811 11573.109649999999 200
stats: users_count 0 200
stats: finish_users_count 0 200
stats: request 0 0 0 73.774 0.098 6.549512953367873 772
stats: connect 0 0 0 33.761 0.861 1.5756092715231782 302
stats: page 0 0 0 73.774 0.867 9.26637087087087 666
stats: 302 0 102
stats: 200 0 308
stats: size_rcv 0 1432576
stats: newphase 0 2
stats: size_sent 0 354270
stats: connected 0 0
stats: error_connection_closed 0 102
stats: 400 0 106
stats: 404 0 252
EndMonitor:{1574,451099,968872}
